[0.090s] Invoking command in '/home/mart/Documents/git/Turtlebot3_Simulation_WorkSpace/turtle_ws/build/turtlebot3_msgs': /usr/bin/cmake /home/mart/Documents/git/Turtlebot3_Simulation_WorkSpace/turtle_ws/src/turtlebot3/turtlebot3_msgs -DCMAKE_INSTALL_PREFIX=/home/mart/Documents/git/Turtlebot3_Simulation_WorkSpace/turtle_ws/install/turtlebot3_msgs
[1.100s] [31mCMake Error at CMakeLists.txt:18 (find_package):
[1.101s]   By not providing "Findaction_msgs.cmake" in CMAKE_MODULE_PATH this project
[1.101s]   has asked CMake to find a package configuration file provided by
[1.101s]   "action_msgs", but CMake did not find one.
[1.101s] 
[1.101s]   Could not find a package configuration file provided by "action_msgs" with
[1.101s]   any of the following names:
[1.102s] 
[1.105s]     action_msgsConfig.cmake
[1.109s]     action_msgs-config.cmake
[1.112s] 
[1.112s]   Add the installation prefix of "action_msgs" to CMAKE_PREFIX_PATH or set
[1.112s]   "action_msgs_DIR" to a directory containing one of the above files.  If
[1.113s]   "action_msgs" provides a separate development package or SDK, be sure it
[1.115s]   has been installed.
[1.116s] 
[1.116s] [0m
[1.116s] -- The C compiler identification is GNU 11.3.0
[1.121s] -- The CXX compiler identification is GNU 11.3.0
[1.121s] -- Detecting C compiler ABI info
[1.122s] -- Detecting C compiler ABI info - done
[1.122s] -- Check for working C compiler: /usr/bin/cc - skipped
[1.122s] -- Detecting C compile features
[1.123s] -- Detecting C compile features - done
[1.124s] -- Detecting CXX compiler ABI info
[1.126s] -- Detecting CXX compiler ABI info - done
[1.127s] -- Check for working CXX compiler: /usr/bin/c++ - skipped
[1.127s] -- Detecting CXX compile features
[1.127s] -- Detecting CXX compile features - done
[1.128s] -- Configuring incomplete, errors occurred!
[1.128s] See also "/home/mart/Documents/git/Turtlebot3_Simulation_WorkSpace/turtle_ws/build/turtlebot3_msgs/CMakeFiles/CMakeOutput.log".
[1.269s] Invoked command in '/home/mart/Documents/git/Turtlebot3_Simulation_WorkSpace/turtle_ws/build/turtlebot3_msgs' returned '1': /usr/bin/cmake /home/mart/Documents/git/Turtlebot3_Simulation_WorkSpace/turtle_ws/src/turtlebot3/turtlebot3_msgs -DCMAKE_INSTALL_PREFIX=/home/mart/Documents/git/Turtlebot3_Simulation_WorkSpace/turtle_ws/install/turtlebot3_msgs
