[0.095s] Invoking command in '/home/mart/Documents/git/Turtlebot3_Simulation_WorkSpace/turtle_ws/build/dynamixel_sdk_custom_interfaces': /usr/bin/cmake /home/mart/Documents/git/Turtlebot3_Simulation_WorkSpace/turtle_ws/src/utils/DynamixelSDK/dynamixel_sdk_custom_interfaces -DCMAKE_INSTALL_PREFIX=/home/mart/Documents/git/Turtlebot3_Simulation_WorkSpace/turtle_ws/install/dynamixel_sdk_custom_interfaces
[1.166s] -- The C compiler identification is GNU 11.3.0
[1.170s] -- The CXX compiler identification is GNU 11.3.0
[1.172s] -- Detecting C compiler ABI info
[1.175s] -- Detecting C compiler ABI info - done
[1.177s] -- Check for working C compiler: /usr/bin/cc - skipped
[1.178s] -- Detecting C compile features
[1.178s] -- Detecting C compile features - done
[1.179s] -- Detecting CXX compiler ABI info
[1.181s] -- Detecting CXX compiler ABI info - done
[1.182s] -- Check for working CXX compiler: /usr/bin/c++ - skipped
[1.184s] -- Detecting CXX compile features
[1.199s] -- Detecting CXX compile features - done
[1.243s] [31mCMake Error at CMakeLists.txt:14 (find_package):
[1.244s]   By not providing "Findament_cmake.cmake" in CMAKE_MODULE_PATH this project
[1.244s]   has asked CMake to find a package configuration file provided by
[1.244s]   "ament_cmake", but CMake did not find one.
[1.244s] 
[1.244s]   Could not find a package configuration file provided by "ament_cmake" with
[1.244s]   any of the following names:
[1.244s] 
[1.244s]     ament_cmakeConfig.cmake
[1.244s]     ament_cmake-config.cmake
[1.244s] 
[1.244s]   Add the installation prefix of "ament_cmake" to CMAKE_PREFIX_PATH or set
[1.244s]   "ament_cmake_DIR" to a directory containing one of the above files.  If
[1.244s]   "ament_cmake" provides a separate development package or SDK, be sure it
[1.245s]   has been installed.
[1.245s] 
[1.245s] [0m
[1.245s] -- Configuring incomplete, errors occurred!
[1.245s] See also "/home/mart/Documents/git/Turtlebot3_Simulation_WorkSpace/turtle_ws/build/dynamixel_sdk_custom_interfaces/CMakeFiles/CMakeOutput.log".
[1.253s] Invoked command in '/home/mart/Documents/git/Turtlebot3_Simulation_WorkSpace/turtle_ws/build/dynamixel_sdk_custom_interfaces' returned '1': /usr/bin/cmake /home/mart/Documents/git/Turtlebot3_Simulation_WorkSpace/turtle_ws/src/utils/DynamixelSDK/dynamixel_sdk_custom_interfaces -DCMAKE_INSTALL_PREFIX=/home/mart/Documents/git/Turtlebot3_Simulation_WorkSpace/turtle_ws/install/dynamixel_sdk_custom_interfaces
