[2.269s] Invoking command in '/home/mart/Documents/git/Turtlebot3_Simulation_WorkSpace/turtle_ws/src/turtlebot3/turtlebot3/turtlebot3_teleop': PYTHONPATH=/home/mart/Documents/git/Turtlebot3_Simulation_WorkSpace/turtle_ws/build/turtlebot3_teleop/prefix_override:/home/mart/Documents/git/Turtlebot3_Simulation_WorkSpace/turtle_ws/install/turtlebot3_teleop/lib/python3.10/site-packages:${PYTHONPATH} /usr/bin/python3 setup.py egg_info --egg-base ../../../../build/turtlebot3_teleop build --build-base /home/mart/Documents/git/Turtlebot3_Simulation_WorkSpace/turtle_ws/build/turtlebot3_teleop/build install --record /home/mart/Documents/git/Turtlebot3_Simulation_WorkSpace/turtle_ws/build/turtlebot3_teleop/install.log --single-version-externally-managed
[2.908s] running egg_info
[2.910s] writing ../../../../build/turtlebot3_teleop/turtlebot3_teleop.egg-info/PKG-INFO
[2.910s] writing dependency_links to ../../../../build/turtlebot3_teleop/turtlebot3_teleop.egg-info/dependency_links.txt
[2.913s] writing entry points to ../../../../build/turtlebot3_teleop/turtlebot3_teleop.egg-info/entry_points.txt
[2.914s] writing requirements to ../../../../build/turtlebot3_teleop/turtlebot3_teleop.egg-info/requires.txt
[2.914s] writing top-level names to ../../../../build/turtlebot3_teleop/turtlebot3_teleop.egg-info/top_level.txt
[2.919s] reading manifest file '../../../../build/turtlebot3_teleop/turtlebot3_teleop.egg-info/SOURCES.txt'
[2.921s] writing manifest file '../../../../build/turtlebot3_teleop/turtlebot3_teleop.egg-info/SOURCES.txt'
[2.921s] running build
[2.921s] running build_py
[2.922s] running install
[2.923s] /usr/lib/python3/dist-packages/setuptools/command/install.py:34: SetuptoolsDeprecationWarning: setup.py install is deprecated. Use build and pip and other standards-based tools.
[2.923s]   warnings.warn(
[2.923s] running install_lib
[2.927s] running install_data
[2.928s] running install_egg_info
[2.933s] removing '/home/mart/Documents/git/Turtlebot3_Simulation_WorkSpace/turtle_ws/install/turtlebot3_teleop/lib/python3.10/site-packages/turtlebot3_teleop-2.1.5-py3.10.egg-info' (and everything under it)
[2.933s] Copying ../../../../build/turtlebot3_teleop/turtlebot3_teleop.egg-info to /home/mart/Documents/git/Turtlebot3_Simulation_WorkSpace/turtle_ws/install/turtlebot3_teleop/lib/python3.10/site-packages/turtlebot3_teleop-2.1.5-py3.10.egg-info
[2.934s] running install_scripts
[2.983s] Installing teleop_keyboard script to /home/mart/Documents/git/Turtlebot3_Simulation_WorkSpace/turtle_ws/install/turtlebot3_teleop/lib/turtlebot3_teleop
[2.984s] writing list of installed files to '/home/mart/Documents/git/Turtlebot3_Simulation_WorkSpace/turtle_ws/build/turtlebot3_teleop/install.log'
[3.260s] Invoked command in '/home/mart/Documents/git/Turtlebot3_Simulation_WorkSpace/turtle_ws/src/turtlebot3/turtlebot3/turtlebot3_teleop' returned '0': PYTHONPATH=/home/mart/Documents/git/Turtlebot3_Simulation_WorkSpace/turtle_ws/build/turtlebot3_teleop/prefix_override:/home/mart/Documents/git/Turtlebot3_Simulation_WorkSpace/turtle_ws/install/turtlebot3_teleop/lib/python3.10/site-packages:${PYTHONPATH} /usr/bin/python3 setup.py egg_info --egg-base ../../../../build/turtlebot3_teleop build --build-base /home/mart/Documents/git/Turtlebot3_Simulation_WorkSpace/turtle_ws/build/turtlebot3_teleop/build install --record /home/mart/Documents/git/Turtlebot3_Simulation_WorkSpace/turtle_ws/build/turtlebot3_teleop/install.log --single-version-externally-managed
