[0.076s] Invoking command in '/home/mart/Documents/git/Turtlebot3_Simulation_WorkSpace/turtle_ws/build/turtlebot3_navigation2': /usr/bin/cmake /home/mart/Documents/git/Turtlebot3_Simulation_WorkSpace/turtle_ws/src/turtlebot3/turtlebot3/turtlebot3_navigation2 -DCMAKE_INSTALL_PREFIX=/home/mart/Documents/git/Turtlebot3_Simulation_WorkSpace/turtle_ws/install/turtlebot3_navigation2
[1.176s] -- The C compiler identification is GNU 11.3.0
[1.177s] -- The CXX compiler identification is GNU 11.3.0
[1.177s] -- Detecting C compiler ABI info
[1.177s] -- Detecting C compiler ABI info - done
[1.177s] -- Check for working C compiler: /usr/bin/cc - skipped
[1.177s] -- Detecting C compile features
[1.178s] -- Detecting C compile features - done
[1.178s] -- Detecting CXX compiler ABI info
[1.209s] -- Detecting CXX compiler ABI info - done
[1.210s] -- Check for working CXX compiler: /usr/bin/c++ - skipped
[1.210s] -- Detecting CXX compile features
[1.210s] -- Detecting CXX compile features - done
[1.214s] [31mCMake Error at CMakeLists.txt:14 (find_package):
[1.214s]   By not providing "Findament_cmake.cmake" in CMAKE_MODULE_PATH this project
[1.214s]   has asked CMake to find a package configuration file provided by
[1.215s]   "ament_cmake", but CMake did not find one.
[1.215s] 
[1.215s]   Could not find a package configuration file provided by "ament_cmake" with
[1.215s]   any of the following names:
[1.215s] 
[1.215s]     ament_cmakeConfig.cmake
[1.215s]     ament_cmake-config.cmake
[1.215s] 
[1.215s]   Add the installation prefix of "ament_cmake" to CMAKE_PREFIX_PATH or set
[1.215s]   "ament_cmake_DIR" to a directory containing one of the above files.  If
[1.215s]   "ament_cmake" provides a separate development package or SDK, be sure it
[1.215s]   has been installed.
[1.216s] 
[1.216s] [0m
[1.216s] -- Configuring incomplete, errors occurred!
[1.216s] See also "/home/mart/Documents/git/Turtlebot3_Simulation_WorkSpace/turtle_ws/build/turtlebot3_navigation2/CMakeFiles/CMakeOutput.log".
