[0.139s] Invoking command in '/home/mart/Documents/git/Turtlebot3_Simulation_WorkSpace/turtle_ws/build/hls_lfcd_lds_driver': CMAKE_PREFIX_PATH=${CMAKE_PREFIX_PATH}:/home/mart/Documents/git/Turtlebot3_Simulation_WorkSpace/turtle_ws/install/turtlebot3_teleop:/home/mart/Documents/git/Turtlebot3_Simulation_WorkSpace/turtle_ws/install/turtlebot3_example:/opt/ros/humble /usr/bin/cmake --build /home/mart/Documents/git/Turtlebot3_Simulation_WorkSpace/turtle_ws/build/hls_lfcd_lds_driver -- -j12 -l12
[0.311s] [35m[1mConsolidate compiler generated dependencies of target hlds_laser_publisher[0m
[0.437s] [100%] Built target hlds_laser_publisher
[1.387s] Invoked command in '/home/mart/Documents/git/Turtlebot3_Simulation_WorkSpace/turtle_ws/build/hls_lfcd_lds_driver' returned '0': CMAKE_PREFIX_PATH=${CMAKE_PREFIX_PATH}:/home/mart/Documents/git/Turtlebot3_Simulation_WorkSpace/turtle_ws/install/turtlebot3_teleop:/home/mart/Documents/git/Turtlebot3_Simulation_WorkSpace/turtle_ws/install/turtlebot3_example:/opt/ros/humble /usr/bin/cmake --build /home/mart/Documents/git/Turtlebot3_Simulation_WorkSpace/turtle_ws/build/hls_lfcd_lds_driver -- -j12 -l12
[1.637s] Invoking command in '/home/mart/Documents/git/Turtlebot3_Simulation_WorkSpace/turtle_ws/build/hls_lfcd_lds_driver': CMAKE_PREFIX_PATH=${CMAKE_PREFIX_PATH}:/home/mart/Documents/git/Turtlebot3_Simulation_WorkSpace/turtle_ws/install/turtlebot3_teleop:/home/mart/Documents/git/Turtlebot3_Simulation_WorkSpace/turtle_ws/install/turtlebot3_example:/opt/ros/humble /usr/bin/cmake --install /home/mart/Documents/git/Turtlebot3_Simulation_WorkSpace/turtle_ws/build/hls_lfcd_lds_driver
[1.660s] -- Install configuration: ""
[1.660s] -- Up-to-date: /home/mart/Documents/git/Turtlebot3_Simulation_WorkSpace/turtle_ws/install/hls_lfcd_lds_driver/share/hls_lfcd_lds_driver/launch
[1.661s] -- Up-to-date: /home/mart/Documents/git/Turtlebot3_Simulation_WorkSpace/turtle_ws/install/hls_lfcd_lds_driver/share/hls_lfcd_lds_driver/launch/view_hlds_laser.launch.py
[1.661s] -- Up-to-date: /home/mart/Documents/git/Turtlebot3_Simulation_WorkSpace/turtle_ws/install/hls_lfcd_lds_driver/share/hls_lfcd_lds_driver/launch/hlds_laser.launch.py
[1.663s] -- Up-to-date: /home/mart/Documents/git/Turtlebot3_Simulation_WorkSpace/turtle_ws/install/hls_lfcd_lds_driver/share/hls_lfcd_lds_driver/rviz
[1.665s] -- Up-to-date: /home/mart/Documents/git/Turtlebot3_Simulation_WorkSpace/turtle_ws/install/hls_lfcd_lds_driver/share/hls_lfcd_lds_driver/rviz/hlds_laser.rviz
[1.666s] -- Up-to-date: /home/mart/Documents/git/Turtlebot3_Simulation_WorkSpace/turtle_ws/install/hls_lfcd_lds_driver/lib/hls_lfcd_lds_driver/hlds_laser_publisher
[1.666s] -- Up-to-date: /home/mart/Documents/git/Turtlebot3_Simulation_WorkSpace/turtle_ws/install/hls_lfcd_lds_driver/share/ament_index/resource_index/package_run_dependencies/hls_lfcd_lds_driver
[1.667s] -- Up-to-date: /home/mart/Documents/git/Turtlebot3_Simulation_WorkSpace/turtle_ws/install/hls_lfcd_lds_driver/share/ament_index/resource_index/parent_prefix_path/hls_lfcd_lds_driver
[1.667s] -- Up-to-date: /home/mart/Documents/git/Turtlebot3_Simulation_WorkSpace/turtle_ws/install/hls_lfcd_lds_driver/share/hls_lfcd_lds_driver/environment/ament_prefix_path.sh
[1.668s] -- Up-to-date: /home/mart/Documents/git/Turtlebot3_Simulation_WorkSpace/turtle_ws/install/hls_lfcd_lds_driver/share/hls_lfcd_lds_driver/environment/ament_prefix_path.dsv
[1.669s] -- Up-to-date: /home/mart/Documents/git/Turtlebot3_Simulation_WorkSpace/turtle_ws/install/hls_lfcd_lds_driver/share/hls_lfcd_lds_driver/environment/path.sh
[1.669s] -- Up-to-date: /home/mart/Documents/git/Turtlebot3_Simulation_WorkSpace/turtle_ws/install/hls_lfcd_lds_driver/share/hls_lfcd_lds_driver/environment/path.dsv
[1.670s] -- Up-to-date: /home/mart/Documents/git/Turtlebot3_Simulation_WorkSpace/turtle_ws/install/hls_lfcd_lds_driver/share/hls_lfcd_lds_driver/local_setup.bash
[1.670s] -- Up-to-date: /home/mart/Documents/git/Turtlebot3_Simulation_WorkSpace/turtle_ws/install/hls_lfcd_lds_driver/share/hls_lfcd_lds_driver/local_setup.sh
[1.670s] -- Up-to-date: /home/mart/Documents/git/Turtlebot3_Simulation_WorkSpace/turtle_ws/install/hls_lfcd_lds_driver/share/hls_lfcd_lds_driver/local_setup.zsh
[1.671s] -- Up-to-date: /home/mart/Documents/git/Turtlebot3_Simulation_WorkSpace/turtle_ws/install/hls_lfcd_lds_driver/share/hls_lfcd_lds_driver/local_setup.dsv
[1.672s] -- Installing: /home/mart/Documents/git/Turtlebot3_Simulation_WorkSpace/turtle_ws/install/hls_lfcd_lds_driver/share/hls_lfcd_lds_driver/package.dsv
[1.674s] -- Up-to-date: /home/mart/Documents/git/Turtlebot3_Simulation_WorkSpace/turtle_ws/install/hls_lfcd_lds_driver/share/ament_index/resource_index/packages/hls_lfcd_lds_driver
[1.674s] -- Up-to-date: /home/mart/Documents/git/Turtlebot3_Simulation_WorkSpace/turtle_ws/install/hls_lfcd_lds_driver/share/hls_lfcd_lds_driver/cmake/ament_cmake_export_dependencies-extras.cmake
[1.680s] -- Up-to-date: /home/mart/Documents/git/Turtlebot3_Simulation_WorkSpace/turtle_ws/install/hls_lfcd_lds_driver/share/hls_lfcd_lds_driver/cmake/ament_cmake_export_include_directories-extras.cmake
[1.681s] -- Up-to-date: /home/mart/Documents/git/Turtlebot3_Simulation_WorkSpace/turtle_ws/install/hls_lfcd_lds_driver/share/hls_lfcd_lds_driver/cmake/hls_lfcd_lds_driverConfig.cmake
[1.682s] -- Up-to-date: /home/mart/Documents/git/Turtlebot3_Simulation_WorkSpace/turtle_ws/install/hls_lfcd_lds_driver/share/hls_lfcd_lds_driver/cmake/hls_lfcd_lds_driverConfig-version.cmake
[1.683s] -- Up-to-date: /home/mart/Documents/git/Turtlebot3_Simulation_WorkSpace/turtle_ws/install/hls_lfcd_lds_driver/share/hls_lfcd_lds_driver/package.xml
[1.777s] Invoked command in '/home/mart/Documents/git/Turtlebot3_Simulation_WorkSpace/turtle_ws/build/hls_lfcd_lds_driver' returned '0': CMAKE_PREFIX_PATH=${CMAKE_PREFIX_PATH}:/home/mart/Documents/git/Turtlebot3_Simulation_WorkSpace/turtle_ws/install/turtlebot3_teleop:/home/mart/Documents/git/Turtlebot3_Simulation_WorkSpace/turtle_ws/install/turtlebot3_example:/opt/ros/humble /usr/bin/cmake --install /home/mart/Documents/git/Turtlebot3_Simulation_WorkSpace/turtle_ws/build/hls_lfcd_lds_driver
