[0.095s] Invoking command in '/home/mart/Documents/git/Turtlebot3_Simulation_WorkSpace/turtle_ws/build/turtlebot3_cartographer': /usr/bin/cmake /home/mart/Documents/git/Turtlebot3_Simulation_WorkSpace/turtle_ws/src/turtlebot3/turtlebot3/turtlebot3_cartographer -DCMAKE_INSTALL_PREFIX=/home/mart/Documents/git/Turtlebot3_Simulation_WorkSpace/turtle_ws/install/turtlebot3_cartographer
[1.186s] -- The C compiler identification is GNU 11.3.0
[1.188s] -- The CXX compiler identification is GNU 11.3.0
[1.188s] -- Detecting C compiler ABI info
[1.190s] -- Detecting C compiler ABI info - done
[1.190s] -- Check for working C compiler: /usr/bin/cc - skipped
[1.190s] -- Detecting C compile features
[1.190s] -- Detecting C compile features - done
[1.193s] -- Detecting CXX compiler ABI info
[1.193s] -- Detecting CXX compiler ABI info - done
[1.194s] -- Check for working CXX compiler: /usr/bin/c++ - skipped
[1.194s] -- Detecting CXX compile features
[1.194s] -- Detecting CXX compile features - done
[1.230s] [31mCMake Error at CMakeLists.txt:14 (find_package):
[1.231s]   By not providing "Findament_cmake.cmake" in CMAKE_MODULE_PATH this project
[1.233s]   has asked CMake to find a package configuration file provided by
[1.233s]   "ament_cmake", but CMake did not find one.
[1.233s] 
[1.234s]   Could not find a package configuration file provided by "ament_cmake" with
[1.234s]   any of the following names:
[1.235s] 
[1.236s]     ament_cmakeConfig.cmake
[1.237s]     ament_cmake-config.cmake
[1.237s] 
[1.237s]   Add the installation prefix of "ament_cmake" to CMAKE_PREFIX_PATH or set
[1.237s]   "ament_cmake_DIR" to a directory containing one of the above files.  If
[1.237s]   "ament_cmake" provides a separate development package or SDK, be sure it
[1.238s]   has been installed.
[1.238s] 
[1.238s] [0m
[1.238s] -- Configuring incomplete, errors occurred!
[1.238s] See also "/home/mart/Documents/git/Turtlebot3_Simulation_WorkSpace/turtle_ws/build/turtlebot3_cartographer/CMakeFiles/CMakeOutput.log".
[1.248s] Invoked command in '/home/mart/Documents/git/Turtlebot3_Simulation_WorkSpace/turtle_ws/build/turtlebot3_cartographer' returned '1': /usr/bin/cmake /home/mart/Documents/git/Turtlebot3_Simulation_WorkSpace/turtle_ws/src/turtlebot3/turtlebot3/turtlebot3_cartographer -DCMAKE_INSTALL_PREFIX=/home/mart/Documents/git/Turtlebot3_Simulation_WorkSpace/turtle_ws/install/turtlebot3_cartographer
