[2.824s] Invoking command in '/home/mart/Documents/git/Turtlebot3_Simulation_WorkSpace/turtle_ws/src/turtlebot3/turtlebot3/turtlebot3_teleop': PYTHONPATH=/home/mart/Documents/git/Turtlebot3_Simulation_WorkSpace/turtle_ws/build/turtlebot3_teleop/prefix_override:/home/mart/Documents/git/Turtlebot3_Simulation_WorkSpace/turtle_ws/install/turtlebot3_teleop/lib/python3.10/site-packages:${PYTHONPATH} /usr/bin/python3 setup.py egg_info --egg-base ../../../../build/turtlebot3_teleop build --build-base /home/mart/Documents/git/Turtlebot3_Simulation_WorkSpace/turtle_ws/build/turtlebot3_teleop/build install --record /home/mart/Documents/git/Turtlebot3_Simulation_WorkSpace/turtle_ws/build/turtlebot3_teleop/install.log --single-version-externally-managed
[3.692s] running egg_info
[3.696s] creating ../../../../build/turtlebot3_teleop/turtlebot3_teleop.egg-info
[3.697s] writing ../../../../build/turtlebot3_teleop/turtlebot3_teleop.egg-info/PKG-INFO
[3.699s] writing dependency_links to ../../../../build/turtlebot3_teleop/turtlebot3_teleop.egg-info/dependency_links.txt
[3.700s] writing entry points to ../../../../build/turtlebot3_teleop/turtlebot3_teleop.egg-info/entry_points.txt
[3.700s] writing requirements to ../../../../build/turtlebot3_teleop/turtlebot3_teleop.egg-info/requires.txt
[3.701s] writing top-level names to ../../../../build/turtlebot3_teleop/turtlebot3_teleop.egg-info/top_level.txt
[3.701s] writing manifest file '../../../../build/turtlebot3_teleop/turtlebot3_teleop.egg-info/SOURCES.txt'
[3.708s] reading manifest file '../../../../build/turtlebot3_teleop/turtlebot3_teleop.egg-info/SOURCES.txt'
[3.711s] writing manifest file '../../../../build/turtlebot3_teleop/turtlebot3_teleop.egg-info/SOURCES.txt'
[3.711s] running build
[3.712s] running build_py
[3.713s] creating /home/mart/Documents/git/Turtlebot3_Simulation_WorkSpace/turtle_ws/build/turtlebot3_teleop/build
[3.715s] creating /home/mart/Documents/git/Turtlebot3_Simulation_WorkSpace/turtle_ws/build/turtlebot3_teleop/build/lib
[3.717s] creating /home/mart/Documents/git/Turtlebot3_Simulation_WorkSpace/turtle_ws/build/turtlebot3_teleop/build/lib/turtlebot3_teleop
[3.718s] copying turtlebot3_teleop/__init__.py -> /home/mart/Documents/git/Turtlebot3_Simulation_WorkSpace/turtle_ws/build/turtlebot3_teleop/build/lib/turtlebot3_teleop
[3.718s] creating /home/mart/Documents/git/Turtlebot3_Simulation_WorkSpace/turtle_ws/build/turtlebot3_teleop/build/lib/turtlebot3_teleop/script
[3.718s] copying turtlebot3_teleop/script/teleop_keyboard.py -> /home/mart/Documents/git/Turtlebot3_Simulation_WorkSpace/turtle_ws/build/turtlebot3_teleop/build/lib/turtlebot3_teleop/script
[3.718s] copying turtlebot3_teleop/script/__init__.py -> /home/mart/Documents/git/Turtlebot3_Simulation_WorkSpace/turtle_ws/build/turtlebot3_teleop/build/lib/turtlebot3_teleop/script
[3.719s] running install
[3.719s] /usr/lib/python3/dist-packages/setuptools/command/install.py:34: SetuptoolsDeprecationWarning: setup.py install is deprecated. Use build and pip and other standards-based tools.
[3.719s]   warnings.warn(
[3.719s] running install_lib
[3.720s] creating /home/mart/Documents/git/Turtlebot3_Simulation_WorkSpace/turtle_ws/install/turtlebot3_teleop/lib/python3.10/site-packages/turtlebot3_teleop
[3.720s] copying /home/mart/Documents/git/Turtlebot3_Simulation_WorkSpace/turtle_ws/build/turtlebot3_teleop/build/lib/turtlebot3_teleop/__init__.py -> /home/mart/Documents/git/Turtlebot3_Simulation_WorkSpace/turtle_ws/install/turtlebot3_teleop/lib/python3.10/site-packages/turtlebot3_teleop
[3.721s] creating /home/mart/Documents/git/Turtlebot3_Simulation_WorkSpace/turtle_ws/install/turtlebot3_teleop/lib/python3.10/site-packages/turtlebot3_teleop/script
[3.721s] copying /home/mart/Documents/git/Turtlebot3_Simulation_WorkSpace/turtle_ws/build/turtlebot3_teleop/build/lib/turtlebot3_teleop/script/teleop_keyboard.py -> /home/mart/Documents/git/Turtlebot3_Simulation_WorkSpace/turtle_ws/install/turtlebot3_teleop/lib/python3.10/site-packages/turtlebot3_teleop/script
[3.721s] copying /home/mart/Documents/git/Turtlebot3_Simulation_WorkSpace/turtle_ws/build/turtlebot3_teleop/build/lib/turtlebot3_teleop/script/__init__.py -> /home/mart/Documents/git/Turtlebot3_Simulation_WorkSpace/turtle_ws/install/turtlebot3_teleop/lib/python3.10/site-packages/turtlebot3_teleop/script
[3.724s] byte-compiling /home/mart/Documents/git/Turtlebot3_Simulation_WorkSpace/turtle_ws/install/turtlebot3_teleop/lib/python3.10/site-packages/turtlebot3_teleop/__init__.py to __init__.cpython-310.pyc
[3.725s] byte-compiling /home/mart/Documents/git/Turtlebot3_Simulation_WorkSpace/turtle_ws/install/turtlebot3_teleop/lib/python3.10/site-packages/turtlebot3_teleop/script/teleop_keyboard.py to teleop_keyboard.cpython-310.pyc
[3.729s] byte-compiling /home/mart/Documents/git/Turtlebot3_Simulation_WorkSpace/turtle_ws/install/turtlebot3_teleop/lib/python3.10/site-packages/turtlebot3_teleop/script/__init__.py to __init__.cpython-310.pyc
[3.730s] running install_data
[3.732s] creating /home/mart/Documents/git/Turtlebot3_Simulation_WorkSpace/turtle_ws/install/turtlebot3_teleop/share/ament_index
[3.732s] creating /home/mart/Documents/git/Turtlebot3_Simulation_WorkSpace/turtle_ws/install/turtlebot3_teleop/share/ament_index/resource_index
[3.732s] creating /home/mart/Documents/git/Turtlebot3_Simulation_WorkSpace/turtle_ws/install/turtlebot3_teleop/share/ament_index/resource_index/packages
[3.733s] copying resource/turtlebot3_teleop -> /home/mart/Documents/git/Turtlebot3_Simulation_WorkSpace/turtle_ws/install/turtlebot3_teleop/share/ament_index/resource_index/packages
[3.733s] copying package.xml -> /home/mart/Documents/git/Turtlebot3_Simulation_WorkSpace/turtle_ws/install/turtlebot3_teleop/share/turtlebot3_teleop
[3.733s] running install_egg_info
[3.736s] Copying ../../../../build/turtlebot3_teleop/turtlebot3_teleop.egg-info to /home/mart/Documents/git/Turtlebot3_Simulation_WorkSpace/turtle_ws/install/turtlebot3_teleop/lib/python3.10/site-packages/turtlebot3_teleop-2.1.5-py3.10.egg-info
[3.737s] running install_scripts
[3.804s] Installing teleop_keyboard script to /home/mart/Documents/git/Turtlebot3_Simulation_WorkSpace/turtle_ws/install/turtlebot3_teleop/lib/turtlebot3_teleop
[3.805s] writing list of installed files to '/home/mart/Documents/git/Turtlebot3_Simulation_WorkSpace/turtle_ws/build/turtlebot3_teleop/install.log'
[3.965s] Invoked command in '/home/mart/Documents/git/Turtlebot3_Simulation_WorkSpace/turtle_ws/src/turtlebot3/turtlebot3/turtlebot3_teleop' returned '0': PYTHONPATH=/home/mart/Documents/git/Turtlebot3_Simulation_WorkSpace/turtle_ws/build/turtlebot3_teleop/prefix_override:/home/mart/Documents/git/Turtlebot3_Simulation_WorkSpace/turtle_ws/install/turtlebot3_teleop/lib/python3.10/site-packages:${PYTHONPATH} /usr/bin/python3 setup.py egg_info --egg-base ../../../../build/turtlebot3_teleop build --build-base /home/mart/Documents/git/Turtlebot3_Simulation_WorkSpace/turtle_ws/build/turtlebot3_teleop/build install --record /home/mart/Documents/git/Turtlebot3_Simulation_WorkSpace/turtle_ws/build/turtlebot3_teleop/install.log --single-version-externally-managed
