[0.028s] Invoking command in '/home/mart/Documents/git/Turtlebot3_Simulation_WorkSpace/turtle_ws/build/turtlebot3_simulations': AMENT_PREFIX_PATH=/home/mart/Documents/git/Turtlebot3_Simulation_WorkSpace/turtle_ws/install/turtlebot3_fake_node:/home/mart/Documents/git/Turtlebot3_Simulation_WorkSpace/turtle_ws/install/turtlebot3_msgs:/home/mart/Documents/git/Turtlebot3_Simulation_WorkSpace/turtle_ws/install/turtlebot3_gazebo:${AMENT_PREFIX_PATH} CMAKE_PREFIX_PATH=/home/mart/Documents/git/Turtlebot3_Simulation_WorkSpace/turtle_ws/install/turtlebot3_fake_node:/home/mart/Documents/git/Turtlebot3_Simulation_WorkSpace/turtle_ws/install/turtlebot3_msgs:/home/mart/Documents/git/Turtlebot3_Simulation_WorkSpace/turtle_ws/install/turtlebot3_gazebo:/opt/ros/humble LD_LIBRARY_PATH=/home/mart/Documents/git/Turtlebot3_Simulation_WorkSpace/turtle_ws/install/turtlebot3_msgs/lib:${LD_LIBRARY_PATH} PYTHONPATH=/home/mart/Documents/git/Turtlebot3_Simulation_WorkSpace/turtle_ws/install/turtlebot3_msgs/local/lib/python3.10/dist-packages:${PYTHONPATH} /usr/bin/cmake /home/mart/Documents/git/Turtlebot3_Simulation_WorkSpace/turtle_ws/src/turtlebot3/turtlebot3_simulations/turtlebot3_simulations -DCMAKE_INSTALL_PREFIX=/home/mart/Documents/git/Turtlebot3_Simulation_WorkSpace/turtle_ws/install/turtlebot3_simulations
[0.188s] -- The C compiler identification is GNU 11.3.0
[0.361s] -- The CXX compiler identification is GNU 11.3.0
[0.380s] -- Detecting C compiler ABI info
[0.540s] -- Detecting C compiler ABI info - done
[0.557s] -- Check for working C compiler: /usr/bin/cc - skipped
[0.557s] -- Detecting C compile features
[0.558s] -- Detecting C compile features - done
[0.570s] -- Detecting CXX compiler ABI info
[0.828s] -- Detecting CXX compiler ABI info - done
[0.853s] -- Check for working CXX compiler: /usr/bin/c++ - skipped
[0.854s] -- Detecting CXX compile features
[0.855s] -- Detecting CXX compile features - done
[0.875s] -- Found ament_cmake: 1.3.4 (/opt/ros/humble/share/ament_cmake/cmake)
[1.568s] -- Found Python3: /usr/bin/python3.10 (found version "3.10.6") found components: Interpreter 
[2.103s] -- Configuring done
[2.109s] -- Generating done
[2.111s] -- Build files have been written to: /home/mart/Documents/git/Turtlebot3_Simulation_WorkSpace/turtle_ws/build/turtlebot3_simulations
[2.116s] Invoked command in '/home/mart/Documents/git/Turtlebot3_Simulation_WorkSpace/turtle_ws/build/turtlebot3_simulations' returned '0': AMENT_PREFIX_PATH=/home/mart/Documents/git/Turtlebot3_Simulation_WorkSpace/turtle_ws/install/turtlebot3_fake_node:/home/mart/Documents/git/Turtlebot3_Simulation_WorkSpace/turtle_ws/install/turtlebot3_msgs:/home/mart/Documents/git/Turtlebot3_Simulation_WorkSpace/turtle_ws/install/turtlebot3_gazebo:${AMENT_PREFIX_PATH} CMAKE_PREFIX_PATH=/home/mart/Documents/git/Turtlebot3_Simulation_WorkSpace/turtle_ws/install/turtlebot3_fake_node:/home/mart/Documents/git/Turtlebot3_Simulation_WorkSpace/turtle_ws/install/turtlebot3_msgs:/home/mart/Documents/git/Turtlebot3_Simulation_WorkSpace/turtle_ws/install/turtlebot3_gazebo:/opt/ros/humble LD_LIBRARY_PATH=/home/mart/Documents/git/Turtlebot3_Simulation_WorkSpace/turtle_ws/install/turtlebot3_msgs/lib:${LD_LIBRARY_PATH} PYTHONPATH=/home/mart/Documents/git/Turtlebot3_Simulation_WorkSpace/turtle_ws/install/turtlebot3_msgs/local/lib/python3.10/dist-packages:${PYTHONPATH} /usr/bin/cmake /home/mart/Documents/git/Turtlebot3_Simulation_WorkSpace/turtle_ws/src/turtlebot3/turtlebot3_simulations/turtlebot3_simulations -DCMAKE_INSTALL_PREFIX=/home/mart/Documents/git/Turtlebot3_Simulation_WorkSpace/turtle_ws/install/turtlebot3_simulations
[2.120s] Invoking command in '/home/mart/Documents/git/Turtlebot3_Simulation_WorkSpace/turtle_ws/build/turtlebot3_simulations': AMENT_PREFIX_PATH=/home/mart/Documents/git/Turtlebot3_Simulation_WorkSpace/turtle_ws/install/turtlebot3_fake_node:/home/mart/Documents/git/Turtlebot3_Simulation_WorkSpace/turtle_ws/install/turtlebot3_msgs:/home/mart/Documents/git/Turtlebot3_Simulation_WorkSpace/turtle_ws/install/turtlebot3_gazebo:${AMENT_PREFIX_PATH} CMAKE_PREFIX_PATH=/home/mart/Documents/git/Turtlebot3_Simulation_WorkSpace/turtle_ws/install/turtlebot3_fake_node:/home/mart/Documents/git/Turtlebot3_Simulation_WorkSpace/turtle_ws/install/turtlebot3_msgs:/home/mart/Documents/git/Turtlebot3_Simulation_WorkSpace/turtle_ws/install/turtlebot3_gazebo:/opt/ros/humble LD_LIBRARY_PATH=/home/mart/Documents/git/Turtlebot3_Simulation_WorkSpace/turtle_ws/install/turtlebot3_msgs/lib:${LD_LIBRARY_PATH} PYTHONPATH=/home/mart/Documents/git/Turtlebot3_Simulation_WorkSpace/turtle_ws/install/turtlebot3_msgs/local/lib/python3.10/dist-packages:${PYTHONPATH} /usr/bin/cmake --build /home/mart/Documents/git/Turtlebot3_Simulation_WorkSpace/turtle_ws/build/turtlebot3_simulations -- -j12 -l12
[2.202s] Invoked command in '/home/mart/Documents/git/Turtlebot3_Simulation_WorkSpace/turtle_ws/build/turtlebot3_simulations' returned '0': AMENT_PREFIX_PATH=/home/mart/Documents/git/Turtlebot3_Simulation_WorkSpace/turtle_ws/install/turtlebot3_fake_node:/home/mart/Documents/git/Turtlebot3_Simulation_WorkSpace/turtle_ws/install/turtlebot3_msgs:/home/mart/Documents/git/Turtlebot3_Simulation_WorkSpace/turtle_ws/install/turtlebot3_gazebo:${AMENT_PREFIX_PATH} CMAKE_PREFIX_PATH=/home/mart/Documents/git/Turtlebot3_Simulation_WorkSpace/turtle_ws/install/turtlebot3_fake_node:/home/mart/Documents/git/Turtlebot3_Simulation_WorkSpace/turtle_ws/install/turtlebot3_msgs:/home/mart/Documents/git/Turtlebot3_Simulation_WorkSpace/turtle_ws/install/turtlebot3_gazebo:/opt/ros/humble LD_LIBRARY_PATH=/home/mart/Documents/git/Turtlebot3_Simulation_WorkSpace/turtle_ws/install/turtlebot3_msgs/lib:${LD_LIBRARY_PATH} PYTHONPATH=/home/mart/Documents/git/Turtlebot3_Simulation_WorkSpace/turtle_ws/install/turtlebot3_msgs/local/lib/python3.10/dist-packages:${PYTHONPATH} /usr/bin/cmake --build /home/mart/Documents/git/Turtlebot3_Simulation_WorkSpace/turtle_ws/build/turtlebot3_simulations -- -j12 -l12
[2.259s] Invoking command in '/home/mart/Documents/git/Turtlebot3_Simulation_WorkSpace/turtle_ws/build/turtlebot3_simulations': AMENT_PREFIX_PATH=/home/mart/Documents/git/Turtlebot3_Simulation_WorkSpace/turtle_ws/install/turtlebot3_fake_node:/home/mart/Documents/git/Turtlebot3_Simulation_WorkSpace/turtle_ws/install/turtlebot3_msgs:/home/mart/Documents/git/Turtlebot3_Simulation_WorkSpace/turtle_ws/install/turtlebot3_gazebo:${AMENT_PREFIX_PATH} CMAKE_PREFIX_PATH=/home/mart/Documents/git/Turtlebot3_Simulation_WorkSpace/turtle_ws/install/turtlebot3_fake_node:/home/mart/Documents/git/Turtlebot3_Simulation_WorkSpace/turtle_ws/install/turtlebot3_msgs:/home/mart/Documents/git/Turtlebot3_Simulation_WorkSpace/turtle_ws/install/turtlebot3_gazebo:/opt/ros/humble LD_LIBRARY_PATH=/home/mart/Documents/git/Turtlebot3_Simulation_WorkSpace/turtle_ws/install/turtlebot3_msgs/lib:${LD_LIBRARY_PATH} PYTHONPATH=/home/mart/Documents/git/Turtlebot3_Simulation_WorkSpace/turtle_ws/install/turtlebot3_msgs/local/lib/python3.10/dist-packages:${PYTHONPATH} /usr/bin/cmake --install /home/mart/Documents/git/Turtlebot3_Simulation_WorkSpace/turtle_ws/build/turtlebot3_simulations
[2.279s] -- Install configuration: ""
[2.279s] -- Installing: /home/mart/Documents/git/Turtlebot3_Simulation_WorkSpace/turtle_ws/install/turtlebot3_simulations/share/ament_index/resource_index/package_run_dependencies/turtlebot3_simulations
[2.279s] -- Installing: /home/mart/Documents/git/Turtlebot3_Simulation_WorkSpace/turtle_ws/install/turtlebot3_simulations/share/ament_index/resource_index/parent_prefix_path/turtlebot3_simulations
[2.280s] -- Installing: /home/mart/Documents/git/Turtlebot3_Simulation_WorkSpace/turtle_ws/install/turtlebot3_simulations/share/turtlebot3_simulations/environment/ament_prefix_path.sh
[2.280s] -- Installing: /home/mart/Documents/git/Turtlebot3_Simulation_WorkSpace/turtle_ws/install/turtlebot3_simulations/share/turtlebot3_simulations/environment/ament_prefix_path.dsv
[2.280s] -- Installing: /home/mart/Documents/git/Turtlebot3_Simulation_WorkSpace/turtle_ws/install/turtlebot3_simulations/share/turtlebot3_simulations/environment/path.sh
[2.280s] -- Installing: /home/mart/Documents/git/Turtlebot3_Simulation_WorkSpace/turtle_ws/install/turtlebot3_simulations/share/turtlebot3_simulations/environment/path.dsv
[2.281s] -- Installing: /home/mart/Documents/git/Turtlebot3_Simulation_WorkSpace/turtle_ws/install/turtlebot3_simulations/share/turtlebot3_simulations/local_setup.bash
[2.281s] -- Installing: /home/mart/Documents/git/Turtlebot3_Simulation_WorkSpace/turtle_ws/install/turtlebot3_simulations/share/turtlebot3_simulations/local_setup.sh
[2.283s] -- Installing: /home/mart/Documents/git/Turtlebot3_Simulation_WorkSpace/turtle_ws/install/turtlebot3_simulations/share/turtlebot3_simulations/local_setup.zsh
[2.284s] -- Installing: /home/mart/Documents/git/Turtlebot3_Simulation_WorkSpace/turtle_ws/install/turtlebot3_simulations/share/turtlebot3_simulations/local_setup.dsv
[2.285s] -- Installing: /home/mart/Documents/git/Turtlebot3_Simulation_WorkSpace/turtle_ws/install/turtlebot3_simulations/share/turtlebot3_simulations/package.dsv
[2.285s] -- Installing: /home/mart/Documents/git/Turtlebot3_Simulation_WorkSpace/turtle_ws/install/turtlebot3_simulations/share/ament_index/resource_index/packages/turtlebot3_simulations
[2.286s] -- Installing: /home/mart/Documents/git/Turtlebot3_Simulation_WorkSpace/turtle_ws/install/turtlebot3_simulations/share/turtlebot3_simulations/cmake/turtlebot3_simulationsConfig.cmake
[2.286s] -- Installing: /home/mart/Documents/git/Turtlebot3_Simulation_WorkSpace/turtle_ws/install/turtlebot3_simulations/share/turtlebot3_simulations/cmake/turtlebot3_simulationsConfig-version.cmake
[2.288s] -- Installing: /home/mart/Documents/git/Turtlebot3_Simulation_WorkSpace/turtle_ws/install/turtlebot3_simulations/share/turtlebot3_simulations/package.xml
[2.302s] Invoked command in '/home/mart/Documents/git/Turtlebot3_Simulation_WorkSpace/turtle_ws/build/turtlebot3_simulations' returned '0': AMENT_PREFIX_PATH=/home/mart/Documents/git/Turtlebot3_Simulation_WorkSpace/turtle_ws/install/turtlebot3_fake_node:/home/mart/Documents/git/Turtlebot3_Simulation_WorkSpace/turtle_ws/install/turtlebot3_msgs:/home/mart/Documents/git/Turtlebot3_Simulation_WorkSpace/turtle_ws/install/turtlebot3_gazebo:${AMENT_PREFIX_PATH} CMAKE_PREFIX_PATH=/home/mart/Documents/git/Turtlebot3_Simulation_WorkSpace/turtle_ws/install/turtlebot3_fake_node:/home/mart/Documents/git/Turtlebot3_Simulation_WorkSpace/turtle_ws/install/turtlebot3_msgs:/home/mart/Documents/git/Turtlebot3_Simulation_WorkSpace/turtle_ws/install/turtlebot3_gazebo:/opt/ros/humble LD_LIBRARY_PATH=/home/mart/Documents/git/Turtlebot3_Simulation_WorkSpace/turtle_ws/install/turtlebot3_msgs/lib:${LD_LIBRARY_PATH} PYTHONPATH=/home/mart/Documents/git/Turtlebot3_Simulation_WorkSpace/turtle_ws/install/turtlebot3_msgs/local/lib/python3.10/dist-packages:${PYTHONPATH} /usr/bin/cmake --install /home/mart/Documents/git/Turtlebot3_Simulation_WorkSpace/turtle_ws/build/turtlebot3_simulations
