[0.087s] Invoking command in '/home/mart/Documents/git/Turtlebot3_Simulation_WorkSpace/turtle_ws/build/turtlebot3_description': /usr/bin/cmake /home/mart/Documents/git/Turtlebot3_Simulation_WorkSpace/turtle_ws/src/turtlebot3/turtlebot3/turtlebot3_description -DCMAKE_INSTALL_PREFIX=/home/mart/Documents/git/Turtlebot3_Simulation_WorkSpace/turtle_ws/install/turtlebot3_description
[1.132s] [31mCMake Error at CMakeLists.txt:18 (find_package):
[1.132s]   By not providing "Findament_cmake.cmake" in CMAKE_MODULE_PATH this project
[1.132s]   has asked CMake to find a package configuration file provided by
[1.133s]   "ament_cmake", but CMake did not find one.
[1.134s] 
[1.137s]   Could not find a package configuration file provided by "ament_cmake" with
[1.138s]   any of the following names:
[1.138s] 
[1.139s]     ament_cmakeConfig.cmake
[1.141s]     ament_cmake-config.cmake
[1.143s] 
[1.144s]   Add the installation prefix of "ament_cmake" to CMAKE_PREFIX_PATH or set
[1.148s]   "ament_cmake_DIR" to a directory containing one of the above files.  If
[1.149s]   "ament_cmake" provides a separate development package or SDK, be sure it
[1.153s]   has been installed.
[1.154s] 
[1.154s] [0m
[1.155s] -- The C compiler identification is GNU 11.3.0
[1.156s] -- The CXX compiler identification is GNU 11.3.0
[1.159s] -- Detecting C compiler ABI info
[1.161s] -- Detecting C compiler ABI info - done
[1.162s] -- Check for working C compiler: /usr/bin/cc - skipped
[1.162s] -- Detecting C compile features
[1.163s] -- Detecting C compile features - done
[1.165s] -- Detecting CXX compiler ABI info
[1.165s] -- Detecting CXX compiler ABI info - done
[1.165s] -- Check for working CXX compiler: /usr/bin/c++ - skipped
[1.166s] -- Detecting CXX compile features
[1.166s] -- Detecting CXX compile features - done
[1.167s] -- Configuring incomplete, errors occurred!
[1.168s] See also "/home/mart/Documents/git/Turtlebot3_Simulation_WorkSpace/turtle_ws/build/turtlebot3_description/CMakeFiles/CMakeOutput.log".
[1.247s] Invoked command in '/home/mart/Documents/git/Turtlebot3_Simulation_WorkSpace/turtle_ws/build/turtlebot3_description' returned '1': /usr/bin/cmake /home/mart/Documents/git/Turtlebot3_Simulation_WorkSpace/turtle_ws/src/turtlebot3/turtlebot3/turtlebot3_description -DCMAKE_INSTALL_PREFIX=/home/mart/Documents/git/Turtlebot3_Simulation_WorkSpace/turtle_ws/install/turtlebot3_description
