[1.811s] Invoking command in '/home/mart/Documents/git/Turtlebot3_Simulation_WorkSpace/turtle_ws/src/turtlebot3/turtlebot3/turtlebot3_example': CMAKE_PREFIX_PATH=/home/mart/Documents/git/Turtlebot3_Simulation_WorkSpace/turtle_ws/install/turtlebot3_msgs:/home/mart/Documents/git/Turtlebot3_Simulation_WorkSpace/turtle_ws/install/turtlebot3:/home/mart/Documents/git/Turtlebot3_Simulation_WorkSpace/turtle_ws/install/turtlebot3_simulations:/home/mart/Documents/git/Turtlebot3_Simulation_WorkSpace/turtle_ws/install/turtlebot3_bringup:/home/mart/Documents/git/Turtlebot3_Simulation_WorkSpace/turtle_ws/install/turtlebot3_node:/home/mart/Documents/git/Turtlebot3_Simulation_WorkSpace/turtle_ws/install/turtlebot3_navigation2:/home/mart/Documents/git/Turtlebot3_Simulation_WorkSpace/turtle_ws/install/turtlebot3_fake_node:/home/mart/Documents/git/Turtlebot3_Simulation_WorkSpace/turtle_ws/install/turtlebot3_gazebo:/home/mart/Documents/git/Turtlebot3_Simulation_WorkSpace/turtle_ws/install/turtlebot3_description:/home/mart/Documents/git/Turtlebot3_Simulation_WorkSpace/turtle_ws/install/turtlebot3_cartographer:/home/mart/Documents/git/Turtlebot3_Simulation_WorkSpace/turtle_ws/install/hls_lfcd_lds_driver:/home/mart/Documents/git/Turtlebot3_Simulation_WorkSpace/turtle_ws/install/dynamixel_sdk_examples:/home/mart/Documents/git/Turtlebot3_Simulation_WorkSpace/turtle_ws/install/dynamixel_sdk_custom_interfaces:/home/mart/Documents/git/Turtlebot3_Simulation_WorkSpace/turtle_ws/install/dynamixel_sdk PYTHONPATH=/home/mart/Documents/git/Turtlebot3_Simulation_WorkSpace/turtle_ws/build/turtlebot3_example/prefix_override:/home/mart/Documents/git/Turtlebot3_Simulation_WorkSpace/turtle_ws/install/turtlebot3_example/lib/python3.10/site-packages:${PYTHONPATH} /usr/bin/python3 setup.py egg_info --egg-base ../../../../build/turtlebot3_example build --build-base /home/mart/Documents/git/Turtlebot3_Simulation_WorkSpace/turtle_ws/build/turtlebot3_example/build install --record /home/mart/Documents/git/Turtlebot3_Simulation_WorkSpace/turtle_ws/build/turtlebot3_example/install.log --single-version-externally-managed
[2.355s] running egg_info
[2.357s] writing ../../../../build/turtlebot3_example/turtlebot3_example.egg-info/PKG-INFO
[2.357s] writing dependency_links to ../../../../build/turtlebot3_example/turtlebot3_example.egg-info/dependency_links.txt
[2.358s] writing entry points to ../../../../build/turtlebot3_example/turtlebot3_example.egg-info/entry_points.txt
[2.358s] writing requirements to ../../../../build/turtlebot3_example/turtlebot3_example.egg-info/requires.txt
[2.359s] writing top-level names to ../../../../build/turtlebot3_example/turtlebot3_example.egg-info/top_level.txt
[2.366s] reading manifest file '../../../../build/turtlebot3_example/turtlebot3_example.egg-info/SOURCES.txt'
[2.368s] writing manifest file '../../../../build/turtlebot3_example/turtlebot3_example.egg-info/SOURCES.txt'
[2.368s] running build
[2.368s] running build_py
[2.370s] running install
[2.370s] /usr/lib/python3/dist-packages/setuptools/command/install.py:34: SetuptoolsDeprecationWarning: setup.py install is deprecated. Use build and pip and other standards-based tools.
[2.370s]   warnings.warn(
[2.370s] running install_lib
[2.374s] running install_data
[2.375s] running install_egg_info
[2.379s] removing '/home/mart/Documents/git/Turtlebot3_Simulation_WorkSpace/turtle_ws/install/turtlebot3_example/lib/python3.10/site-packages/turtlebot3_example-2.1.5-py3.10.egg-info' (and everything under it)
[2.379s] Copying ../../../../build/turtlebot3_example/turtlebot3_example.egg-info to /home/mart/Documents/git/Turtlebot3_Simulation_WorkSpace/turtle_ws/install/turtlebot3_example/lib/python3.10/site-packages/turtlebot3_example-2.1.5-py3.10.egg-info
[2.381s] running install_scripts
[2.415s] Installing turtlebot3_obstacle_detection script to /home/mart/Documents/git/Turtlebot3_Simulation_WorkSpace/turtle_ws/install/turtlebot3_example/lib/turtlebot3_example
[2.415s] Installing turtlebot3_patrol_client script to /home/mart/Documents/git/Turtlebot3_Simulation_WorkSpace/turtle_ws/install/turtlebot3_example/lib/turtlebot3_example
[2.415s] Installing turtlebot3_patrol_server script to /home/mart/Documents/git/Turtlebot3_Simulation_WorkSpace/turtle_ws/install/turtlebot3_example/lib/turtlebot3_example
[2.416s] Installing turtlebot3_position_control script to /home/mart/Documents/git/Turtlebot3_Simulation_WorkSpace/turtle_ws/install/turtlebot3_example/lib/turtlebot3_example
[2.416s] writing list of installed files to '/home/mart/Documents/git/Turtlebot3_Simulation_WorkSpace/turtle_ws/build/turtlebot3_example/install.log'
[2.478s] Invoked command in '/home/mart/Documents/git/Turtlebot3_Simulation_WorkSpace/turtle_ws/src/turtlebot3/turtlebot3/turtlebot3_example' returned '0': CMAKE_PREFIX_PATH=/home/mart/Documents/git/Turtlebot3_Simulation_WorkSpace/turtle_ws/install/turtlebot3_msgs:/home/mart/Documents/git/Turtlebot3_Simulation_WorkSpace/turtle_ws/install/turtlebot3:/home/mart/Documents/git/Turtlebot3_Simulation_WorkSpace/turtle_ws/install/turtlebot3_simulations:/home/mart/Documents/git/Turtlebot3_Simulation_WorkSpace/turtle_ws/install/turtlebot3_bringup:/home/mart/Documents/git/Turtlebot3_Simulation_WorkSpace/turtle_ws/install/turtlebot3_node:/home/mart/Documents/git/Turtlebot3_Simulation_WorkSpace/turtle_ws/install/turtlebot3_navigation2:/home/mart/Documents/git/Turtlebot3_Simulation_WorkSpace/turtle_ws/install/turtlebot3_fake_node:/home/mart/Documents/git/Turtlebot3_Simulation_WorkSpace/turtle_ws/install/turtlebot3_gazebo:/home/mart/Documents/git/Turtlebot3_Simulation_WorkSpace/turtle_ws/install/turtlebot3_description:/home/mart/Documents/git/Turtlebot3_Simulation_WorkSpace/turtle_ws/install/turtlebot3_cartographer:/home/mart/Documents/git/Turtlebot3_Simulation_WorkSpace/turtle_ws/install/hls_lfcd_lds_driver:/home/mart/Documents/git/Turtlebot3_Simulation_WorkSpace/turtle_ws/install/dynamixel_sdk_examples:/home/mart/Documents/git/Turtlebot3_Simulation_WorkSpace/turtle_ws/install/dynamixel_sdk_custom_interfaces:/home/mart/Documents/git/Turtlebot3_Simulation_WorkSpace/turtle_ws/install/dynamixel_sdk PYTHONPATH=/home/mart/Documents/git/Turtlebot3_Simulation_WorkSpace/turtle_ws/build/turtlebot3_example/prefix_override:/home/mart/Documents/git/Turtlebot3_Simulation_WorkSpace/turtle_ws/install/turtlebot3_example/lib/python3.10/site-packages:${PYTHONPATH} /usr/bin/python3 setup.py egg_info --egg-base ../../../../build/turtlebot3_example build --build-base /home/mart/Documents/git/Turtlebot3_Simulation_WorkSpace/turtle_ws/build/turtlebot3_example/build install --record /home/mart/Documents/git/Turtlebot3_Simulation_WorkSpace/turtle_ws/build/turtlebot3_example/install.log --single-version-externally-managed
