[0.116s] Invoking command in '/home/mart/Documents/git/Turtlebot3_Simulation_WorkSpace/turtle_ws/build/turtlebot3_cartographer': CMAKE_PREFIX_PATH=${CMAKE_PREFIX_PATH}:/home/mart/Documents/git/Turtlebot3_Simulation_WorkSpace/turtle_ws/install/turtlebot3_teleop:/home/mart/Documents/git/Turtlebot3_Simulation_WorkSpace/turtle_ws/install/turtlebot3_example:/opt/ros/humble /usr/bin/cmake --build /home/mart/Documents/git/Turtlebot3_Simulation_WorkSpace/turtle_ws/build/turtlebot3_cartographer -- -j12 -l12
[1.108s] Invoked command in '/home/mart/Documents/git/Turtlebot3_Simulation_WorkSpace/turtle_ws/build/turtlebot3_cartographer' returned '0': CMAKE_PREFIX_PATH=${CMAKE_PREFIX_PATH}:/home/mart/Documents/git/Turtlebot3_Simulation_WorkSpace/turtle_ws/install/turtlebot3_teleop:/home/mart/Documents/git/Turtlebot3_Simulation_WorkSpace/turtle_ws/install/turtlebot3_example:/opt/ros/humble /usr/bin/cmake --build /home/mart/Documents/git/Turtlebot3_Simulation_WorkSpace/turtle_ws/build/turtlebot3_cartographer -- -j12 -l12
[1.212s] Invoking command in '/home/mart/Documents/git/Turtlebot3_Simulation_WorkSpace/turtle_ws/build/turtlebot3_cartographer': CMAKE_PREFIX_PATH=${CMAKE_PREFIX_PATH}:/home/mart/Documents/git/Turtlebot3_Simulation_WorkSpace/turtle_ws/install/turtlebot3_teleop:/home/mart/Documents/git/Turtlebot3_Simulation_WorkSpace/turtle_ws/install/turtlebot3_example:/opt/ros/humble /usr/bin/cmake --install /home/mart/Documents/git/Turtlebot3_Simulation_WorkSpace/turtle_ws/build/turtlebot3_cartographer
[1.270s] -- Install configuration: ""
[1.271s] -- Up-to-date: /home/mart/Documents/git/Turtlebot3_Simulation_WorkSpace/turtle_ws/install/turtlebot3_cartographer/share/turtlebot3_cartographer/config
[1.271s] -- Up-to-date: /home/mart/Documents/git/Turtlebot3_Simulation_WorkSpace/turtle_ws/install/turtlebot3_cartographer/share/turtlebot3_cartographer/config/turtlebot3_lds_2d.lua
[1.271s] -- Up-to-date: /home/mart/Documents/git/Turtlebot3_Simulation_WorkSpace/turtle_ws/install/turtlebot3_cartographer/share/turtlebot3_cartographer/launch
[1.271s] -- Up-to-date: /home/mart/Documents/git/Turtlebot3_Simulation_WorkSpace/turtle_ws/install/turtlebot3_cartographer/share/turtlebot3_cartographer/launch/occupancy_grid.launch.py
[1.271s] -- Up-to-date: /home/mart/Documents/git/Turtlebot3_Simulation_WorkSpace/turtle_ws/install/turtlebot3_cartographer/share/turtlebot3_cartographer/launch/cartographer.launch.py
[1.271s] -- Up-to-date: /home/mart/Documents/git/Turtlebot3_Simulation_WorkSpace/turtle_ws/install/turtlebot3_cartographer/share/turtlebot3_cartographer/rviz
[1.271s] -- Up-to-date: /home/mart/Documents/git/Turtlebot3_Simulation_WorkSpace/turtle_ws/install/turtlebot3_cartographer/share/turtlebot3_cartographer/rviz/tb3_cartographer.rviz
[1.271s] -- Up-to-date: /home/mart/Documents/git/Turtlebot3_Simulation_WorkSpace/turtle_ws/install/turtlebot3_cartographer/share/ament_index/resource_index/package_run_dependencies/turtlebot3_cartographer
[1.272s] -- Up-to-date: /home/mart/Documents/git/Turtlebot3_Simulation_WorkSpace/turtle_ws/install/turtlebot3_cartographer/share/ament_index/resource_index/parent_prefix_path/turtlebot3_cartographer
[1.272s] -- Up-to-date: /home/mart/Documents/git/Turtlebot3_Simulation_WorkSpace/turtle_ws/install/turtlebot3_cartographer/share/turtlebot3_cartographer/environment/ament_prefix_path.sh
[1.272s] -- Up-to-date: /home/mart/Documents/git/Turtlebot3_Simulation_WorkSpace/turtle_ws/install/turtlebot3_cartographer/share/turtlebot3_cartographer/environment/ament_prefix_path.dsv
[1.276s] -- Up-to-date: /home/mart/Documents/git/Turtlebot3_Simulation_WorkSpace/turtle_ws/install/turtlebot3_cartographer/share/turtlebot3_cartographer/environment/path.sh
[1.277s] -- Up-to-date: /home/mart/Documents/git/Turtlebot3_Simulation_WorkSpace/turtle_ws/install/turtlebot3_cartographer/share/turtlebot3_cartographer/environment/path.dsv
[1.278s] -- Up-to-date: /home/mart/Documents/git/Turtlebot3_Simulation_WorkSpace/turtle_ws/install/turtlebot3_cartographer/share/turtlebot3_cartographer/local_setup.bash
[1.281s] -- Up-to-date: /home/mart/Documents/git/Turtlebot3_Simulation_WorkSpace/turtle_ws/install/turtlebot3_cartographer/share/turtlebot3_cartographer/local_setup.sh
[1.282s] -- Up-to-date: /home/mart/Documents/git/Turtlebot3_Simulation_WorkSpace/turtle_ws/install/turtlebot3_cartographer/share/turtlebot3_cartographer/local_setup.zsh
[1.282s] -- Up-to-date: /home/mart/Documents/git/Turtlebot3_Simulation_WorkSpace/turtle_ws/install/turtlebot3_cartographer/share/turtlebot3_cartographer/local_setup.dsv
[1.282s] -- Installing: /home/mart/Documents/git/Turtlebot3_Simulation_WorkSpace/turtle_ws/install/turtlebot3_cartographer/share/turtlebot3_cartographer/package.dsv
[1.282s] -- Up-to-date: /home/mart/Documents/git/Turtlebot3_Simulation_WorkSpace/turtle_ws/install/turtlebot3_cartographer/share/ament_index/resource_index/packages/turtlebot3_cartographer
[1.283s] -- Up-to-date: /home/mart/Documents/git/Turtlebot3_Simulation_WorkSpace/turtle_ws/install/turtlebot3_cartographer/share/turtlebot3_cartographer/cmake/turtlebot3_cartographerConfig.cmake
[1.283s] -- Up-to-date: /home/mart/Documents/git/Turtlebot3_Simulation_WorkSpace/turtle_ws/install/turtlebot3_cartographer/share/turtlebot3_cartographer/cmake/turtlebot3_cartographerConfig-version.cmake
[1.283s] -- Up-to-date: /home/mart/Documents/git/Turtlebot3_Simulation_WorkSpace/turtle_ws/install/turtlebot3_cartographer/share/turtlebot3_cartographer/package.xml
[1.364s] Invoked command in '/home/mart/Documents/git/Turtlebot3_Simulation_WorkSpace/turtle_ws/build/turtlebot3_cartographer' returned '0': CMAKE_PREFIX_PATH=${CMAKE_PREFIX_PATH}:/home/mart/Documents/git/Turtlebot3_Simulation_WorkSpace/turtle_ws/install/turtlebot3_teleop:/home/mart/Documents/git/Turtlebot3_Simulation_WorkSpace/turtle_ws/install/turtlebot3_example:/opt/ros/humble /usr/bin/cmake --install /home/mart/Documents/git/Turtlebot3_Simulation_WorkSpace/turtle_ws/build/turtlebot3_cartographer
