[0.013s] Invoking command in '/home/mart/Documents/git/Turtlebot3_Simulation_WorkSpace/turtle_ws/build/turtlebot3_gazebo': /usr/bin/cmake /home/mart/Documents/git/Turtlebot3_Simulation_WorkSpace/turtle_ws/src/turtlebot3/turtlebot3_simulations/turtlebot3_gazebo -DAMENT_CMAKE_SYMLINK_INSTALL=1 -DCMAKE_INSTALL_PREFIX=/home/mart/Documents/git/Turtlebot3_Simulation_WorkSpace/turtle_ws/install/turtlebot3_gazebo
[0.100s] -- The C compiler identification is GNU 11.3.0
[0.179s] -- The CXX compiler identification is GNU 11.3.0
[0.190s] -- Detecting C compiler ABI info
[0.298s] -- Detecting C compiler ABI info - done
[0.307s] -- Check for working C compiler: /usr/bin/cc - skipped
[0.307s] -- Detecting C compile features
[0.308s] -- Detecting C compile features - done
[0.315s] -- Detecting CXX compiler ABI info
[0.427s] -- Detecting CXX compiler ABI info - done
[0.437s] -- Check for working CXX compiler: /usr/bin/c++ - skipped
[0.437s] -- Detecting CXX compile features
[0.438s] -- Detecting CXX compile features - done
[0.453s] [31mCMake Error at CMakeLists.txt:22 (find_package):
[0.453s]   By not providing "Findament_cmake.cmake" in CMAKE_MODULE_PATH this project
[0.454s]   has asked CMake to find a package configuration file provided by
[0.454s]   "ament_cmake", but CMake did not find one.
[0.454s] 
[0.454s]   Could not find a package configuration file provided by "ament_cmake" with
[0.454s]   any of the following names:
[0.454s] 
[0.454s]     ament_cmakeConfig.cmake
[0.454s]     ament_cmake-config.cmake
[0.455s] 
[0.455s]   Add the installation prefix of "ament_cmake" to CMAKE_PREFIX_PATH or set
[0.455s]   "ament_cmake_DIR" to a directory containing one of the above files.  If
[0.455s]   "ament_cmake" provides a separate development package or SDK, be sure it
[0.455s]   has been installed.
[0.455s] 
[0.455s] [0m
[0.455s] -- Configuring incomplete, errors occurred!
[0.456s] See also "/home/mart/Documents/git/Turtlebot3_Simulation_WorkSpace/turtle_ws/build/turtlebot3_gazebo/CMakeFiles/CMakeOutput.log".
[0.461s] Invoked command in '/home/mart/Documents/git/Turtlebot3_Simulation_WorkSpace/turtle_ws/build/turtlebot3_gazebo' returned '1': /usr/bin/cmake /home/mart/Documents/git/Turtlebot3_Simulation_WorkSpace/turtle_ws/src/turtlebot3/turtlebot3_simulations/turtlebot3_gazebo -DAMENT_CMAKE_SYMLINK_INSTALL=1 -DCMAKE_INSTALL_PREFIX=/home/mart/Documents/git/Turtlebot3_Simulation_WorkSpace/turtle_ws/install/turtlebot3_gazebo
