[0.869s] DEBUG:colcon:Command line arguments: ['/usr/bin/colcon', 'list', '-p', '--base-paths', '/home/mart/Documents/git/Turtlebot3_Simulation_WorkSpace/turtle_ws']
[0.869s] DEBUG:colcon:Parsed command line arguments: Namespace(log_base=None, log_level=None, verb_name='list', build_base='build', ignore_user_meta=False, metas=['./colcon.meta'], base_paths=['/home/mart/Documents/git/Turtlebot3_Simulation_WorkSpace/turtle_ws'], packages_ignore=None, packages_ignore_regex=None, paths=None, packages_up_to=None, packages_up_to_regex=None, packages_above=None, packages_above_and_dependencies=None, packages_above_depth=None, packages_select_by_dep=None, packages_skip_by_dep=None, packages_skip_up_to=None, packages_select_build_failed=False, packages_skip_build_finished=False, packages_select_test_failures=False, packages_skip_test_passed=False, packages_select=None, packages_skip=None, packages_select_regex=None, packages_skip_regex=None, packages_start=None, packages_end=None, allow_overriding=[], topological_order=False, names_only=False, paths_only=True, topological_graph=False, topological_graph_dot=False, topological_graph_density=False, topological_graph_legend=False, topological_graph_dot_cluster=False, topological_graph_dot_include_skipped=False, verb_parser=<colcon_defaults.argument_parser.defaults.DefaultArgumentsDecorator object at 0x7f420fc08910>, verb_extension=<colcon_package_information.verb.list.ListVerb object at 0x7f420fd85840>, main=<bound method ListVerb.main of <colcon_package_information.verb.list.ListVerb object at 0x7f420fd85840>>)
[0.993s] Level 1:colcon.colcon_core.package_discovery:discover_packages(colcon_meta) check parameters
[0.994s] Level 1:colcon.colcon_core.package_discovery:discover_packages(recursive) check parameters
[0.994s] Level 1:colcon.colcon_core.package_discovery:discover_packages(ignore) check parameters
[0.994s] Level 1:colcon.colcon_core.package_discovery:discover_packages(path) check parameters
[0.994s] Level 1:colcon.colcon_core.package_discovery:discover_packages(recursive) discover
[0.994s] INFO:colcon.colcon_core.package_discovery:Crawling recursively for packages in '/home/mart/Documents/git/Turtlebot3_Simulation_WorkSpace/turtle_ws'
[0.995s] Level 1:colcon.colcon_core.package_identification:_identify(/home/mart/Documents/git/Turtlebot3_Simulation_WorkSpace/turtle_ws) by extensions ['ignore', 'ignore_ament_install']
[0.997s] Level 1:colcon.colcon_core.package_identification:_identify(/home/mart/Documents/git/Turtlebot3_Simulation_WorkSpace/turtle_ws) by extension 'ignore'
[0.998s] Level 1:colcon.colcon_core.package_identification:_identify(/home/mart/Documents/git/Turtlebot3_Simulation_WorkSpace/turtle_ws) by extension 'ignore_ament_install'
[0.998s] Level 1:colcon.colcon_core.package_identification:_identify(/home/mart/Documents/git/Turtlebot3_Simulation_WorkSpace/turtle_ws) by extensions ['colcon_pkg']
[0.998s] Level 1:colcon.colcon_core.package_identification:_identify(/home/mart/Documents/git/Turtlebot3_Simulation_WorkSpace/turtle_ws) by extension 'colcon_pkg'
[0.998s] Level 1:colcon.colcon_core.package_identification:_identify(/home/mart/Documents/git/Turtlebot3_Simulation_WorkSpace/turtle_ws) by extensions ['colcon_meta']
[0.998s] Level 1:colcon.colcon_core.package_identification:_identify(/home/mart/Documents/git/Turtlebot3_Simulation_WorkSpace/turtle_ws) by extension 'colcon_meta'
[0.998s] Level 1:colcon.colcon_core.package_identification:_identify(/home/mart/Documents/git/Turtlebot3_Simulation_WorkSpace/turtle_ws) by extensions ['ros']
[0.998s] Level 1:colcon.colcon_core.package_identification:_identify(/home/mart/Documents/git/Turtlebot3_Simulation_WorkSpace/turtle_ws) by extension 'ros'
[1.033s] Level 1:colcon.colcon_core.package_identification:_identify(/home/mart/Documents/git/Turtlebot3_Simulation_WorkSpace/turtle_ws) by extensions ['cmake', 'python']
[1.033s] Level 1:colcon.colcon_core.package_identification:_identify(/home/mart/Documents/git/Turtlebot3_Simulation_WorkSpace/turtle_ws) by extension 'cmake'
[1.034s] Level 1:colcon.colcon_core.package_identification:_identify(/home/mart/Documents/git/Turtlebot3_Simulation_WorkSpace/turtle_ws) by extension 'python'
[1.034s] Level 1:colcon.colcon_core.package_identification:_identify(/home/mart/Documents/git/Turtlebot3_Simulation_WorkSpace/turtle_ws) by extensions ['python_setup_py']
[1.034s] Level 1:colcon.colcon_core.package_identification:_identify(/home/mart/Documents/git/Turtlebot3_Simulation_WorkSpace/turtle_ws) by extension 'python_setup_py'
[1.034s] Level 1:colcon.colcon_core.package_identification:_identify(/home/mart/Documents/git/Turtlebot3_Simulation_WorkSpace/turtle_ws/build) by extensions ['ignore', 'ignore_ament_install']
[1.035s] Level 1:colcon.colcon_core.package_identification:_identify(/home/mart/Documents/git/Turtlebot3_Simulation_WorkSpace/turtle_ws/build) by extension 'ignore'
[1.035s] Level 1:colcon.colcon_core.package_identification:_identify(/home/mart/Documents/git/Turtlebot3_Simulation_WorkSpace/turtle_ws/build) ignored
[1.036s] Level 1:colcon.colcon_core.package_identification:_identify(/home/mart/Documents/git/Turtlebot3_Simulation_WorkSpace/turtle_ws/install) by extensions ['ignore', 'ignore_ament_install']
[1.036s] Level 1:colcon.colcon_core.package_identification:_identify(/home/mart/Documents/git/Turtlebot3_Simulation_WorkSpace/turtle_ws/install) by extension 'ignore'
[1.036s] Level 1:colcon.colcon_core.package_identification:_identify(/home/mart/Documents/git/Turtlebot3_Simulation_WorkSpace/turtle_ws/install) ignored
[1.036s] Level 1:colcon.colcon_core.package_identification:_identify(/home/mart/Documents/git/Turtlebot3_Simulation_WorkSpace/turtle_ws/log) by extensions ['ignore', 'ignore_ament_install']
[1.036s] Level 1:colcon.colcon_core.package_identification:_identify(/home/mart/Documents/git/Turtlebot3_Simulation_WorkSpace/turtle_ws/log) by extension 'ignore'
[1.036s] Level 1:colcon.colcon_core.package_identification:_identify(/home/mart/Documents/git/Turtlebot3_Simulation_WorkSpace/turtle_ws/log) ignored
[1.037s] Level 1:colcon.colcon_core.package_identification:_identify(/home/mart/Documents/git/Turtlebot3_Simulation_WorkSpace/turtle_ws/src) by extensions ['ignore', 'ignore_ament_install']
[1.037s] Level 1:colcon.colcon_core.package_identification:_identify(/home/mart/Documents/git/Turtlebot3_Simulation_WorkSpace/turtle_ws/src) by extension 'ignore'
[1.037s] Level 1:colcon.colcon_core.package_identification:_identify(/home/mart/Documents/git/Turtlebot3_Simulation_WorkSpace/turtle_ws/src) by extension 'ignore_ament_install'
[1.037s] Level 1:colcon.colcon_core.package_identification:_identify(/home/mart/Documents/git/Turtlebot3_Simulation_WorkSpace/turtle_ws/src) by extensions ['colcon_pkg']
[1.037s] Level 1:colcon.colcon_core.package_identification:_identify(/home/mart/Documents/git/Turtlebot3_Simulation_WorkSpace/turtle_ws/src) by extension 'colcon_pkg'
[1.037s] Level 1:colcon.colcon_core.package_identification:_identify(/home/mart/Documents/git/Turtlebot3_Simulation_WorkSpace/turtle_ws/src) by extensions ['colcon_meta']
[1.037s] Level 1:colcon.colcon_core.package_identification:_identify(/home/mart/Documents/git/Turtlebot3_Simulation_WorkSpace/turtle_ws/src) by extension 'colcon_meta'
[1.037s] Level 1:colcon.colcon_core.package_identification:_identify(/home/mart/Documents/git/Turtlebot3_Simulation_WorkSpace/turtle_ws/src) by extensions ['ros']
[1.037s] Level 1:colcon.colcon_core.package_identification:_identify(/home/mart/Documents/git/Turtlebot3_Simulation_WorkSpace/turtle_ws/src) by extension 'ros'
[1.037s] Level 1:colcon.colcon_core.package_identification:_identify(/home/mart/Documents/git/Turtlebot3_Simulation_WorkSpace/turtle_ws/src) by extensions ['cmake', 'python']
[1.037s] Level 1:colcon.colcon_core.package_identification:_identify(/home/mart/Documents/git/Turtlebot3_Simulation_WorkSpace/turtle_ws/src) by extension 'cmake'
[1.037s] Level 1:colcon.colcon_core.package_identification:_identify(/home/mart/Documents/git/Turtlebot3_Simulation_WorkSpace/turtle_ws/src) by extension 'python'
[1.037s] Level 1:colcon.colcon_core.package_identification:_identify(/home/mart/Documents/git/Turtlebot3_Simulation_WorkSpace/turtle_ws/src) by extensions ['python_setup_py']
[1.037s] Level 1:colcon.colcon_core.package_identification:_identify(/home/mart/Documents/git/Turtlebot3_Simulation_WorkSpace/turtle_ws/src) by extension 'python_setup_py'
[1.038s] Level 1:colcon.colcon_core.package_identification:_identify(/home/mart/Documents/git/Turtlebot3_Simulation_WorkSpace/turtle_ws/src/turtlebot3) by extensions ['ignore', 'ignore_ament_install']
[1.038s] Level 1:colcon.colcon_core.package_identification:_identify(/home/mart/Documents/git/Turtlebot3_Simulation_WorkSpace/turtle_ws/src/turtlebot3) by extension 'ignore'
[1.038s] Level 1:colcon.colcon_core.package_identification:_identify(/home/mart/Documents/git/Turtlebot3_Simulation_WorkSpace/turtle_ws/src/turtlebot3) by extension 'ignore_ament_install'
[1.038s] Level 1:colcon.colcon_core.package_identification:_identify(/home/mart/Documents/git/Turtlebot3_Simulation_WorkSpace/turtle_ws/src/turtlebot3) by extensions ['colcon_pkg']
[1.038s] Level 1:colcon.colcon_core.package_identification:_identify(/home/mart/Documents/git/Turtlebot3_Simulation_WorkSpace/turtle_ws/src/turtlebot3) by extension 'colcon_pkg'
[1.038s] Level 1:colcon.colcon_core.package_identification:_identify(/home/mart/Documents/git/Turtlebot3_Simulation_WorkSpace/turtle_ws/src/turtlebot3) by extensions ['colcon_meta']
[1.038s] Level 1:colcon.colcon_core.package_identification:_identify(/home/mart/Documents/git/Turtlebot3_Simulation_WorkSpace/turtle_ws/src/turtlebot3) by extension 'colcon_meta'
[1.038s] Level 1:colcon.colcon_core.package_identification:_identify(/home/mart/Documents/git/Turtlebot3_Simulation_WorkSpace/turtle_ws/src/turtlebot3) by extensions ['ros']
[1.038s] Level 1:colcon.colcon_core.package_identification:_identify(/home/mart/Documents/git/Turtlebot3_Simulation_WorkSpace/turtle_ws/src/turtlebot3) by extension 'ros'
[1.039s] Level 1:colcon.colcon_core.package_identification:_identify(/home/mart/Documents/git/Turtlebot3_Simulation_WorkSpace/turtle_ws/src/turtlebot3) by extensions ['cmake', 'python']
[1.040s] Level 1:colcon.colcon_core.package_identification:_identify(/home/mart/Documents/git/Turtlebot3_Simulation_WorkSpace/turtle_ws/src/turtlebot3) by extension 'cmake'
[1.041s] Level 1:colcon.colcon_core.package_identification:_identify(/home/mart/Documents/git/Turtlebot3_Simulation_WorkSpace/turtle_ws/src/turtlebot3) by extension 'python'
[1.042s] Level 1:colcon.colcon_core.package_identification:_identify(/home/mart/Documents/git/Turtlebot3_Simulation_WorkSpace/turtle_ws/src/turtlebot3) by extensions ['python_setup_py']
[1.042s] Level 1:colcon.colcon_core.package_identification:_identify(/home/mart/Documents/git/Turtlebot3_Simulation_WorkSpace/turtle_ws/src/turtlebot3) by extension 'python_setup_py'
[1.042s] Level 1:colcon.colcon_core.package_identification:_identify(/home/mart/Documents/git/Turtlebot3_Simulation_WorkSpace/turtle_ws/src/turtlebot3/turtlebot3) by extensions ['ignore', 'ignore_ament_install']
[1.042s] Level 1:colcon.colcon_core.package_identification:_identify(/home/mart/Documents/git/Turtlebot3_Simulation_WorkSpace/turtle_ws/src/turtlebot3/turtlebot3) by extension 'ignore'
[1.042s] Level 1:colcon.colcon_core.package_identification:_identify(/home/mart/Documents/git/Turtlebot3_Simulation_WorkSpace/turtle_ws/src/turtlebot3/turtlebot3) by extension 'ignore_ament_install'
[1.042s] Level 1:colcon.colcon_core.package_identification:_identify(/home/mart/Documents/git/Turtlebot3_Simulation_WorkSpace/turtle_ws/src/turtlebot3/turtlebot3) by extensions ['colcon_pkg']
[1.042s] Level 1:colcon.colcon_core.package_identification:_identify(/home/mart/Documents/git/Turtlebot3_Simulation_WorkSpace/turtle_ws/src/turtlebot3/turtlebot3) by extension 'colcon_pkg'
[1.042s] Level 1:colcon.colcon_core.package_identification:_identify(/home/mart/Documents/git/Turtlebot3_Simulation_WorkSpace/turtle_ws/src/turtlebot3/turtlebot3) by extensions ['colcon_meta']
[1.042s] Level 1:colcon.colcon_core.package_identification:_identify(/home/mart/Documents/git/Turtlebot3_Simulation_WorkSpace/turtle_ws/src/turtlebot3/turtlebot3) by extension 'colcon_meta'
[1.043s] Level 1:colcon.colcon_core.package_identification:_identify(/home/mart/Documents/git/Turtlebot3_Simulation_WorkSpace/turtle_ws/src/turtlebot3/turtlebot3) by extensions ['ros']
[1.043s] Level 1:colcon.colcon_core.package_identification:_identify(/home/mart/Documents/git/Turtlebot3_Simulation_WorkSpace/turtle_ws/src/turtlebot3/turtlebot3) by extension 'ros'
[1.043s] Level 1:colcon.colcon_core.package_identification:_identify(/home/mart/Documents/git/Turtlebot3_Simulation_WorkSpace/turtle_ws/src/turtlebot3/turtlebot3) by extensions ['cmake', 'python']
[1.043s] Level 1:colcon.colcon_core.package_identification:_identify(/home/mart/Documents/git/Turtlebot3_Simulation_WorkSpace/turtle_ws/src/turtlebot3/turtlebot3) by extension 'cmake'
[1.043s] Level 1:colcon.colcon_core.package_identification:_identify(/home/mart/Documents/git/Turtlebot3_Simulation_WorkSpace/turtle_ws/src/turtlebot3/turtlebot3) by extension 'python'
[1.043s] Level 1:colcon.colcon_core.package_identification:_identify(/home/mart/Documents/git/Turtlebot3_Simulation_WorkSpace/turtle_ws/src/turtlebot3/turtlebot3) by extensions ['python_setup_py']
[1.043s] Level 1:colcon.colcon_core.package_identification:_identify(/home/mart/Documents/git/Turtlebot3_Simulation_WorkSpace/turtle_ws/src/turtlebot3/turtlebot3) by extension 'python_setup_py'
[1.045s] Level 1:colcon.colcon_core.package_identification:_identify(/home/mart/Documents/git/Turtlebot3_Simulation_WorkSpace/turtle_ws/src/turtlebot3/turtlebot3/turtlebot3) by extensions ['ignore', 'ignore_ament_install']
[1.046s] Level 1:colcon.colcon_core.package_identification:_identify(/home/mart/Documents/git/Turtlebot3_Simulation_WorkSpace/turtle_ws/src/turtlebot3/turtlebot3/turtlebot3) by extension 'ignore'
[1.046s] Level 1:colcon.colcon_core.package_identification:_identify(/home/mart/Documents/git/Turtlebot3_Simulation_WorkSpace/turtle_ws/src/turtlebot3/turtlebot3/turtlebot3) by extension 'ignore_ament_install'
[1.046s] Level 1:colcon.colcon_core.package_identification:_identify(/home/mart/Documents/git/Turtlebot3_Simulation_WorkSpace/turtle_ws/src/turtlebot3/turtlebot3/turtlebot3) by extensions ['colcon_pkg']
[1.046s] Level 1:colcon.colcon_core.package_identification:_identify(/home/mart/Documents/git/Turtlebot3_Simulation_WorkSpace/turtle_ws/src/turtlebot3/turtlebot3/turtlebot3) by extension 'colcon_pkg'
[1.046s] Level 1:colcon.colcon_core.package_identification:_identify(/home/mart/Documents/git/Turtlebot3_Simulation_WorkSpace/turtle_ws/src/turtlebot3/turtlebot3/turtlebot3) by extensions ['colcon_meta']
[1.047s] Level 1:colcon.colcon_core.package_identification:_identify(/home/mart/Documents/git/Turtlebot3_Simulation_WorkSpace/turtle_ws/src/turtlebot3/turtlebot3/turtlebot3) by extension 'colcon_meta'
[1.047s] Level 1:colcon.colcon_core.package_identification:_identify(/home/mart/Documents/git/Turtlebot3_Simulation_WorkSpace/turtle_ws/src/turtlebot3/turtlebot3/turtlebot3) by extensions ['ros']
[1.047s] Level 1:colcon.colcon_core.package_identification:_identify(/home/mart/Documents/git/Turtlebot3_Simulation_WorkSpace/turtle_ws/src/turtlebot3/turtlebot3/turtlebot3) by extension 'ros'
[1.052s] DEBUG:colcon.colcon_core.package_identification:Package '/home/mart/Documents/git/Turtlebot3_Simulation_WorkSpace/turtle_ws/src/turtlebot3/turtlebot3/turtlebot3' with type 'ros.ament_cmake' and name 'turtlebot3'
[1.053s] Level 1:colcon.colcon_core.package_identification:_identify(/home/mart/Documents/git/Turtlebot3_Simulation_WorkSpace/turtle_ws/src/turtlebot3/turtlebot3/turtlebot3_bringup) by extensions ['ignore', 'ignore_ament_install']
[1.054s] Level 1:colcon.colcon_core.package_identification:_identify(/home/mart/Documents/git/Turtlebot3_Simulation_WorkSpace/turtle_ws/src/turtlebot3/turtlebot3/turtlebot3_bringup) by extension 'ignore'
[1.054s] Level 1:colcon.colcon_core.package_identification:_identify(/home/mart/Documents/git/Turtlebot3_Simulation_WorkSpace/turtle_ws/src/turtlebot3/turtlebot3/turtlebot3_bringup) by extension 'ignore_ament_install'
[1.055s] Level 1:colcon.colcon_core.package_identification:_identify(/home/mart/Documents/git/Turtlebot3_Simulation_WorkSpace/turtle_ws/src/turtlebot3/turtlebot3/turtlebot3_bringup) by extensions ['colcon_pkg']
[1.055s] Level 1:colcon.colcon_core.package_identification:_identify(/home/mart/Documents/git/Turtlebot3_Simulation_WorkSpace/turtle_ws/src/turtlebot3/turtlebot3/turtlebot3_bringup) by extension 'colcon_pkg'
[1.055s] Level 1:colcon.colcon_core.package_identification:_identify(/home/mart/Documents/git/Turtlebot3_Simulation_WorkSpace/turtle_ws/src/turtlebot3/turtlebot3/turtlebot3_bringup) by extensions ['colcon_meta']
[1.055s] Level 1:colcon.colcon_core.package_identification:_identify(/home/mart/Documents/git/Turtlebot3_Simulation_WorkSpace/turtle_ws/src/turtlebot3/turtlebot3/turtlebot3_bringup) by extension 'colcon_meta'
[1.055s] Level 1:colcon.colcon_core.package_identification:_identify(/home/mart/Documents/git/Turtlebot3_Simulation_WorkSpace/turtle_ws/src/turtlebot3/turtlebot3/turtlebot3_bringup) by extensions ['ros']
[1.055s] Level 1:colcon.colcon_core.package_identification:_identify(/home/mart/Documents/git/Turtlebot3_Simulation_WorkSpace/turtle_ws/src/turtlebot3/turtlebot3/turtlebot3_bringup) by extension 'ros'
[1.056s] DEBUG:colcon.colcon_core.package_identification:Package '/home/mart/Documents/git/Turtlebot3_Simulation_WorkSpace/turtle_ws/src/turtlebot3/turtlebot3/turtlebot3_bringup' with type 'ros.ament_cmake' and name 'turtlebot3_bringup'
[1.056s] Level 1:colcon.colcon_core.package_identification:_identify(/home/mart/Documents/git/Turtlebot3_Simulation_WorkSpace/turtle_ws/src/turtlebot3/turtlebot3/turtlebot3_cartographer) by extensions ['ignore', 'ignore_ament_install']
[1.056s] Level 1:colcon.colcon_core.package_identification:_identify(/home/mart/Documents/git/Turtlebot3_Simulation_WorkSpace/turtle_ws/src/turtlebot3/turtlebot3/turtlebot3_cartographer) by extension 'ignore'
[1.056s] Level 1:colcon.colcon_core.package_identification:_identify(/home/mart/Documents/git/Turtlebot3_Simulation_WorkSpace/turtle_ws/src/turtlebot3/turtlebot3/turtlebot3_cartographer) by extension 'ignore_ament_install'
[1.056s] Level 1:colcon.colcon_core.package_identification:_identify(/home/mart/Documents/git/Turtlebot3_Simulation_WorkSpace/turtle_ws/src/turtlebot3/turtlebot3/turtlebot3_cartographer) by extensions ['colcon_pkg']
[1.056s] Level 1:colcon.colcon_core.package_identification:_identify(/home/mart/Documents/git/Turtlebot3_Simulation_WorkSpace/turtle_ws/src/turtlebot3/turtlebot3/turtlebot3_cartographer) by extension 'colcon_pkg'
[1.056s] Level 1:colcon.colcon_core.package_identification:_identify(/home/mart/Documents/git/Turtlebot3_Simulation_WorkSpace/turtle_ws/src/turtlebot3/turtlebot3/turtlebot3_cartographer) by extensions ['colcon_meta']
[1.056s] Level 1:colcon.colcon_core.package_identification:_identify(/home/mart/Documents/git/Turtlebot3_Simulation_WorkSpace/turtle_ws/src/turtlebot3/turtlebot3/turtlebot3_cartographer) by extension 'colcon_meta'
[1.057s] Level 1:colcon.colcon_core.package_identification:_identify(/home/mart/Documents/git/Turtlebot3_Simulation_WorkSpace/turtle_ws/src/turtlebot3/turtlebot3/turtlebot3_cartographer) by extensions ['ros']
[1.057s] Level 1:colcon.colcon_core.package_identification:_identify(/home/mart/Documents/git/Turtlebot3_Simulation_WorkSpace/turtle_ws/src/turtlebot3/turtlebot3/turtlebot3_cartographer) by extension 'ros'
[1.060s] DEBUG:colcon.colcon_core.package_identification:Package '/home/mart/Documents/git/Turtlebot3_Simulation_WorkSpace/turtle_ws/src/turtlebot3/turtlebot3/turtlebot3_cartographer' with type 'ros.ament_cmake' and name 'turtlebot3_cartographer'
[1.061s] Level 1:colcon.colcon_core.package_identification:_identify(/home/mart/Documents/git/Turtlebot3_Simulation_WorkSpace/turtle_ws/src/turtlebot3/turtlebot3/turtlebot3_description) by extensions ['ignore', 'ignore_ament_install']
[1.061s] Level 1:colcon.colcon_core.package_identification:_identify(/home/mart/Documents/git/Turtlebot3_Simulation_WorkSpace/turtle_ws/src/turtlebot3/turtlebot3/turtlebot3_description) by extension 'ignore'
[1.061s] Level 1:colcon.colcon_core.package_identification:_identify(/home/mart/Documents/git/Turtlebot3_Simulation_WorkSpace/turtle_ws/src/turtlebot3/turtlebot3/turtlebot3_description) by extension 'ignore_ament_install'
[1.062s] Level 1:colcon.colcon_core.package_identification:_identify(/home/mart/Documents/git/Turtlebot3_Simulation_WorkSpace/turtle_ws/src/turtlebot3/turtlebot3/turtlebot3_description) by extensions ['colcon_pkg']
[1.062s] Level 1:colcon.colcon_core.package_identification:_identify(/home/mart/Documents/git/Turtlebot3_Simulation_WorkSpace/turtle_ws/src/turtlebot3/turtlebot3/turtlebot3_description) by extension 'colcon_pkg'
[1.062s] Level 1:colcon.colcon_core.package_identification:_identify(/home/mart/Documents/git/Turtlebot3_Simulation_WorkSpace/turtle_ws/src/turtlebot3/turtlebot3/turtlebot3_description) by extensions ['colcon_meta']
[1.062s] Level 1:colcon.colcon_core.package_identification:_identify(/home/mart/Documents/git/Turtlebot3_Simulation_WorkSpace/turtle_ws/src/turtlebot3/turtlebot3/turtlebot3_description) by extension 'colcon_meta'
[1.062s] Level 1:colcon.colcon_core.package_identification:_identify(/home/mart/Documents/git/Turtlebot3_Simulation_WorkSpace/turtle_ws/src/turtlebot3/turtlebot3/turtlebot3_description) by extensions ['ros']
[1.062s] Level 1:colcon.colcon_core.package_identification:_identify(/home/mart/Documents/git/Turtlebot3_Simulation_WorkSpace/turtle_ws/src/turtlebot3/turtlebot3/turtlebot3_description) by extension 'ros'
[1.067s] DEBUG:colcon.colcon_core.package_identification:Package '/home/mart/Documents/git/Turtlebot3_Simulation_WorkSpace/turtle_ws/src/turtlebot3/turtlebot3/turtlebot3_description' with type 'ros.ament_cmake' and name 'turtlebot3_description'
[1.067s] Level 1:colcon.colcon_core.package_identification:_identify(/home/mart/Documents/git/Turtlebot3_Simulation_WorkSpace/turtle_ws/src/turtlebot3/turtlebot3/turtlebot3_example) by extensions ['ignore', 'ignore_ament_install']
[1.068s] Level 1:colcon.colcon_core.package_identification:_identify(/home/mart/Documents/git/Turtlebot3_Simulation_WorkSpace/turtle_ws/src/turtlebot3/turtlebot3/turtlebot3_example) by extension 'ignore'
[1.068s] Level 1:colcon.colcon_core.package_identification:_identify(/home/mart/Documents/git/Turtlebot3_Simulation_WorkSpace/turtle_ws/src/turtlebot3/turtlebot3/turtlebot3_example) by extension 'ignore_ament_install'
[1.068s] Level 1:colcon.colcon_core.package_identification:_identify(/home/mart/Documents/git/Turtlebot3_Simulation_WorkSpace/turtle_ws/src/turtlebot3/turtlebot3/turtlebot3_example) by extensions ['colcon_pkg']
[1.069s] Level 1:colcon.colcon_core.package_identification:_identify(/home/mart/Documents/git/Turtlebot3_Simulation_WorkSpace/turtle_ws/src/turtlebot3/turtlebot3/turtlebot3_example) by extension 'colcon_pkg'
[1.069s] Level 1:colcon.colcon_core.package_identification:_identify(/home/mart/Documents/git/Turtlebot3_Simulation_WorkSpace/turtle_ws/src/turtlebot3/turtlebot3/turtlebot3_example) by extensions ['colcon_meta']
[1.069s] Level 1:colcon.colcon_core.package_identification:_identify(/home/mart/Documents/git/Turtlebot3_Simulation_WorkSpace/turtle_ws/src/turtlebot3/turtlebot3/turtlebot3_example) by extension 'colcon_meta'
[1.069s] Level 1:colcon.colcon_core.package_identification:_identify(/home/mart/Documents/git/Turtlebot3_Simulation_WorkSpace/turtle_ws/src/turtlebot3/turtlebot3/turtlebot3_example) by extensions ['ros']
[1.069s] Level 1:colcon.colcon_core.package_identification:_identify(/home/mart/Documents/git/Turtlebot3_Simulation_WorkSpace/turtle_ws/src/turtlebot3/turtlebot3/turtlebot3_example) by extension 'ros'
[1.074s] DEBUG:colcon.colcon_core.package_identification:Package '/home/mart/Documents/git/Turtlebot3_Simulation_WorkSpace/turtle_ws/src/turtlebot3/turtlebot3/turtlebot3_example' with type 'ros.ament_python' and name 'turtlebot3_example'
[1.076s] Level 1:colcon.colcon_core.package_identification:_identify(/home/mart/Documents/git/Turtlebot3_Simulation_WorkSpace/turtle_ws/src/turtlebot3/turtlebot3/turtlebot3_navigation2) by extensions ['ignore', 'ignore_ament_install']
[1.076s] Level 1:colcon.colcon_core.package_identification:_identify(/home/mart/Documents/git/Turtlebot3_Simulation_WorkSpace/turtle_ws/src/turtlebot3/turtlebot3/turtlebot3_navigation2) by extension 'ignore'
[1.077s] Level 1:colcon.colcon_core.package_identification:_identify(/home/mart/Documents/git/Turtlebot3_Simulation_WorkSpace/turtle_ws/src/turtlebot3/turtlebot3/turtlebot3_navigation2) by extension 'ignore_ament_install'
[1.077s] Level 1:colcon.colcon_core.package_identification:_identify(/home/mart/Documents/git/Turtlebot3_Simulation_WorkSpace/turtle_ws/src/turtlebot3/turtlebot3/turtlebot3_navigation2) by extensions ['colcon_pkg']
[1.077s] Level 1:colcon.colcon_core.package_identification:_identify(/home/mart/Documents/git/Turtlebot3_Simulation_WorkSpace/turtle_ws/src/turtlebot3/turtlebot3/turtlebot3_navigation2) by extension 'colcon_pkg'
[1.077s] Level 1:colcon.colcon_core.package_identification:_identify(/home/mart/Documents/git/Turtlebot3_Simulation_WorkSpace/turtle_ws/src/turtlebot3/turtlebot3/turtlebot3_navigation2) by extensions ['colcon_meta']
[1.077s] Level 1:colcon.colcon_core.package_identification:_identify(/home/mart/Documents/git/Turtlebot3_Simulation_WorkSpace/turtle_ws/src/turtlebot3/turtlebot3/turtlebot3_navigation2) by extension 'colcon_meta'
[1.077s] Level 1:colcon.colcon_core.package_identification:_identify(/home/mart/Documents/git/Turtlebot3_Simulation_WorkSpace/turtle_ws/src/turtlebot3/turtlebot3/turtlebot3_navigation2) by extensions ['ros']
[1.078s] Level 1:colcon.colcon_core.package_identification:_identify(/home/mart/Documents/git/Turtlebot3_Simulation_WorkSpace/turtle_ws/src/turtlebot3/turtlebot3/turtlebot3_navigation2) by extension 'ros'
[1.082s] DEBUG:colcon.colcon_core.package_identification:Package '/home/mart/Documents/git/Turtlebot3_Simulation_WorkSpace/turtle_ws/src/turtlebot3/turtlebot3/turtlebot3_navigation2' with type 'ros.ament_cmake' and name 'turtlebot3_navigation2'
[1.082s] Level 1:colcon.colcon_core.package_identification:_identify(/home/mart/Documents/git/Turtlebot3_Simulation_WorkSpace/turtle_ws/src/turtlebot3/turtlebot3/turtlebot3_node) by extensions ['ignore', 'ignore_ament_install']
[1.083s] Level 1:colcon.colcon_core.package_identification:_identify(/home/mart/Documents/git/Turtlebot3_Simulation_WorkSpace/turtle_ws/src/turtlebot3/turtlebot3/turtlebot3_node) by extension 'ignore'
[1.083s] Level 1:colcon.colcon_core.package_identification:_identify(/home/mart/Documents/git/Turtlebot3_Simulation_WorkSpace/turtle_ws/src/turtlebot3/turtlebot3/turtlebot3_node) by extension 'ignore_ament_install'
[1.083s] Level 1:colcon.colcon_core.package_identification:_identify(/home/mart/Documents/git/Turtlebot3_Simulation_WorkSpace/turtle_ws/src/turtlebot3/turtlebot3/turtlebot3_node) by extensions ['colcon_pkg']
[1.084s] Level 1:colcon.colcon_core.package_identification:_identify(/home/mart/Documents/git/Turtlebot3_Simulation_WorkSpace/turtle_ws/src/turtlebot3/turtlebot3/turtlebot3_node) by extension 'colcon_pkg'
[1.084s] Level 1:colcon.colcon_core.package_identification:_identify(/home/mart/Documents/git/Turtlebot3_Simulation_WorkSpace/turtle_ws/src/turtlebot3/turtlebot3/turtlebot3_node) by extensions ['colcon_meta']
[1.084s] Level 1:colcon.colcon_core.package_identification:_identify(/home/mart/Documents/git/Turtlebot3_Simulation_WorkSpace/turtle_ws/src/turtlebot3/turtlebot3/turtlebot3_node) by extension 'colcon_meta'
[1.084s] Level 1:colcon.colcon_core.package_identification:_identify(/home/mart/Documents/git/Turtlebot3_Simulation_WorkSpace/turtle_ws/src/turtlebot3/turtlebot3/turtlebot3_node) by extensions ['ros']
[1.084s] Level 1:colcon.colcon_core.package_identification:_identify(/home/mart/Documents/git/Turtlebot3_Simulation_WorkSpace/turtle_ws/src/turtlebot3/turtlebot3/turtlebot3_node) by extension 'ros'
[1.088s] DEBUG:colcon.colcon_core.package_identification:Package '/home/mart/Documents/git/Turtlebot3_Simulation_WorkSpace/turtle_ws/src/turtlebot3/turtlebot3/turtlebot3_node' with type 'ros.ament_cmake' and name 'turtlebot3_node'
[1.089s] Level 1:colcon.colcon_core.package_identification:_identify(/home/mart/Documents/git/Turtlebot3_Simulation_WorkSpace/turtle_ws/src/turtlebot3/turtlebot3/turtlebot3_teleop) by extensions ['ignore', 'ignore_ament_install']
[1.089s] Level 1:colcon.colcon_core.package_identification:_identify(/home/mart/Documents/git/Turtlebot3_Simulation_WorkSpace/turtle_ws/src/turtlebot3/turtlebot3/turtlebot3_teleop) by extension 'ignore'
[1.090s] Level 1:colcon.colcon_core.package_identification:_identify(/home/mart/Documents/git/Turtlebot3_Simulation_WorkSpace/turtle_ws/src/turtlebot3/turtlebot3/turtlebot3_teleop) by extension 'ignore_ament_install'
[1.092s] Level 1:colcon.colcon_core.package_identification:_identify(/home/mart/Documents/git/Turtlebot3_Simulation_WorkSpace/turtle_ws/src/turtlebot3/turtlebot3/turtlebot3_teleop) by extensions ['colcon_pkg']
[1.092s] Level 1:colcon.colcon_core.package_identification:_identify(/home/mart/Documents/git/Turtlebot3_Simulation_WorkSpace/turtle_ws/src/turtlebot3/turtlebot3/turtlebot3_teleop) by extension 'colcon_pkg'
[1.092s] Level 1:colcon.colcon_core.package_identification:_identify(/home/mart/Documents/git/Turtlebot3_Simulation_WorkSpace/turtle_ws/src/turtlebot3/turtlebot3/turtlebot3_teleop) by extensions ['colcon_meta']
[1.092s] Level 1:colcon.colcon_core.package_identification:_identify(/home/mart/Documents/git/Turtlebot3_Simulation_WorkSpace/turtle_ws/src/turtlebot3/turtlebot3/turtlebot3_teleop) by extension 'colcon_meta'
[1.093s] Level 1:colcon.colcon_core.package_identification:_identify(/home/mart/Documents/git/Turtlebot3_Simulation_WorkSpace/turtle_ws/src/turtlebot3/turtlebot3/turtlebot3_teleop) by extensions ['ros']
[1.093s] Level 1:colcon.colcon_core.package_identification:_identify(/home/mart/Documents/git/Turtlebot3_Simulation_WorkSpace/turtle_ws/src/turtlebot3/turtlebot3/turtlebot3_teleop) by extension 'ros'
[1.095s] DEBUG:colcon.colcon_core.package_identification:Package '/home/mart/Documents/git/Turtlebot3_Simulation_WorkSpace/turtle_ws/src/turtlebot3/turtlebot3/turtlebot3_teleop' with type 'ros.ament_python' and name 'turtlebot3_teleop'
[1.097s] Level 1:colcon.colcon_core.package_identification:_identify(/home/mart/Documents/git/Turtlebot3_Simulation_WorkSpace/turtle_ws/src/turtlebot3/turtlebot3_msgs) by extensions ['ignore', 'ignore_ament_install']
[1.097s] Level 1:colcon.colcon_core.package_identification:_identify(/home/mart/Documents/git/Turtlebot3_Simulation_WorkSpace/turtle_ws/src/turtlebot3/turtlebot3_msgs) by extension 'ignore'
[1.098s] Level 1:colcon.colcon_core.package_identification:_identify(/home/mart/Documents/git/Turtlebot3_Simulation_WorkSpace/turtle_ws/src/turtlebot3/turtlebot3_msgs) by extension 'ignore_ament_install'
[1.098s] Level 1:colcon.colcon_core.package_identification:_identify(/home/mart/Documents/git/Turtlebot3_Simulation_WorkSpace/turtle_ws/src/turtlebot3/turtlebot3_msgs) by extensions ['colcon_pkg']
[1.098s] Level 1:colcon.colcon_core.package_identification:_identify(/home/mart/Documents/git/Turtlebot3_Simulation_WorkSpace/turtle_ws/src/turtlebot3/turtlebot3_msgs) by extension 'colcon_pkg'
[1.098s] Level 1:colcon.colcon_core.package_identification:_identify(/home/mart/Documents/git/Turtlebot3_Simulation_WorkSpace/turtle_ws/src/turtlebot3/turtlebot3_msgs) by extensions ['colcon_meta']
[1.098s] Level 1:colcon.colcon_core.package_identification:_identify(/home/mart/Documents/git/Turtlebot3_Simulation_WorkSpace/turtle_ws/src/turtlebot3/turtlebot3_msgs) by extension 'colcon_meta'
[1.099s] Level 1:colcon.colcon_core.package_identification:_identify(/home/mart/Documents/git/Turtlebot3_Simulation_WorkSpace/turtle_ws/src/turtlebot3/turtlebot3_msgs) by extensions ['ros']
[1.099s] Level 1:colcon.colcon_core.package_identification:_identify(/home/mart/Documents/git/Turtlebot3_Simulation_WorkSpace/turtle_ws/src/turtlebot3/turtlebot3_msgs) by extension 'ros'
[1.101s] DEBUG:colcon.colcon_core.package_identification:Package '/home/mart/Documents/git/Turtlebot3_Simulation_WorkSpace/turtle_ws/src/turtlebot3/turtlebot3_msgs' with type 'ros.ament_cmake' and name 'turtlebot3_msgs'
[1.101s] Level 1:colcon.colcon_core.package_identification:_identify(/home/mart/Documents/git/Turtlebot3_Simulation_WorkSpace/turtle_ws/src/turtlebot3/turtlebot3_simulations) by extensions ['ignore', 'ignore_ament_install']
[1.102s] Level 1:colcon.colcon_core.package_identification:_identify(/home/mart/Documents/git/Turtlebot3_Simulation_WorkSpace/turtle_ws/src/turtlebot3/turtlebot3_simulations) by extension 'ignore'
[1.102s] Level 1:colcon.colcon_core.package_identification:_identify(/home/mart/Documents/git/Turtlebot3_Simulation_WorkSpace/turtle_ws/src/turtlebot3/turtlebot3_simulations) by extension 'ignore_ament_install'
[1.102s] Level 1:colcon.colcon_core.package_identification:_identify(/home/mart/Documents/git/Turtlebot3_Simulation_WorkSpace/turtle_ws/src/turtlebot3/turtlebot3_simulations) by extensions ['colcon_pkg']
[1.102s] Level 1:colcon.colcon_core.package_identification:_identify(/home/mart/Documents/git/Turtlebot3_Simulation_WorkSpace/turtle_ws/src/turtlebot3/turtlebot3_simulations) by extension 'colcon_pkg'
[1.102s] Level 1:colcon.colcon_core.package_identification:_identify(/home/mart/Documents/git/Turtlebot3_Simulation_WorkSpace/turtle_ws/src/turtlebot3/turtlebot3_simulations) by extensions ['colcon_meta']
[1.102s] Level 1:colcon.colcon_core.package_identification:_identify(/home/mart/Documents/git/Turtlebot3_Simulation_WorkSpace/turtle_ws/src/turtlebot3/turtlebot3_simulations) by extension 'colcon_meta'
[1.102s] Level 1:colcon.colcon_core.package_identification:_identify(/home/mart/Documents/git/Turtlebot3_Simulation_WorkSpace/turtle_ws/src/turtlebot3/turtlebot3_simulations) by extensions ['ros']
[1.102s] Level 1:colcon.colcon_core.package_identification:_identify(/home/mart/Documents/git/Turtlebot3_Simulation_WorkSpace/turtle_ws/src/turtlebot3/turtlebot3_simulations) by extension 'ros'
[1.102s] Level 1:colcon.colcon_core.package_identification:_identify(/home/mart/Documents/git/Turtlebot3_Simulation_WorkSpace/turtle_ws/src/turtlebot3/turtlebot3_simulations) by extensions ['cmake', 'python']
[1.103s] Level 1:colcon.colcon_core.package_identification:_identify(/home/mart/Documents/git/Turtlebot3_Simulation_WorkSpace/turtle_ws/src/turtlebot3/turtlebot3_simulations) by extension 'cmake'
[1.103s] Level 1:colcon.colcon_core.package_identification:_identify(/home/mart/Documents/git/Turtlebot3_Simulation_WorkSpace/turtle_ws/src/turtlebot3/turtlebot3_simulations) by extension 'python'
[1.103s] Level 1:colcon.colcon_core.package_identification:_identify(/home/mart/Documents/git/Turtlebot3_Simulation_WorkSpace/turtle_ws/src/turtlebot3/turtlebot3_simulations) by extensions ['python_setup_py']
[1.103s] Level 1:colcon.colcon_core.package_identification:_identify(/home/mart/Documents/git/Turtlebot3_Simulation_WorkSpace/turtle_ws/src/turtlebot3/turtlebot3_simulations) by extension 'python_setup_py'
[1.104s] Level 1:colcon.colcon_core.package_identification:_identify(/home/mart/Documents/git/Turtlebot3_Simulation_WorkSpace/turtle_ws/src/turtlebot3/turtlebot3_simulations/turtlebot3_fake_node) by extensions ['ignore', 'ignore_ament_install']
[1.104s] Level 1:colcon.colcon_core.package_identification:_identify(/home/mart/Documents/git/Turtlebot3_Simulation_WorkSpace/turtle_ws/src/turtlebot3/turtlebot3_simulations/turtlebot3_fake_node) by extension 'ignore'
[1.104s] Level 1:colcon.colcon_core.package_identification:_identify(/home/mart/Documents/git/Turtlebot3_Simulation_WorkSpace/turtle_ws/src/turtlebot3/turtlebot3_simulations/turtlebot3_fake_node) by extension 'ignore_ament_install'
[1.105s] Level 1:colcon.colcon_core.package_identification:_identify(/home/mart/Documents/git/Turtlebot3_Simulation_WorkSpace/turtle_ws/src/turtlebot3/turtlebot3_simulations/turtlebot3_fake_node) by extensions ['colcon_pkg']
[1.105s] Level 1:colcon.colcon_core.package_identification:_identify(/home/mart/Documents/git/Turtlebot3_Simulation_WorkSpace/turtle_ws/src/turtlebot3/turtlebot3_simulations/turtlebot3_fake_node) by extension 'colcon_pkg'
[1.105s] Level 1:colcon.colcon_core.package_identification:_identify(/home/mart/Documents/git/Turtlebot3_Simulation_WorkSpace/turtle_ws/src/turtlebot3/turtlebot3_simulations/turtlebot3_fake_node) by extensions ['colcon_meta']
[1.105s] Level 1:colcon.colcon_core.package_identification:_identify(/home/mart/Documents/git/Turtlebot3_Simulation_WorkSpace/turtle_ws/src/turtlebot3/turtlebot3_simulations/turtlebot3_fake_node) by extension 'colcon_meta'
[1.105s] Level 1:colcon.colcon_core.package_identification:_identify(/home/mart/Documents/git/Turtlebot3_Simulation_WorkSpace/turtle_ws/src/turtlebot3/turtlebot3_simulations/turtlebot3_fake_node) by extensions ['ros']
[1.105s] Level 1:colcon.colcon_core.package_identification:_identify(/home/mart/Documents/git/Turtlebot3_Simulation_WorkSpace/turtle_ws/src/turtlebot3/turtlebot3_simulations/turtlebot3_fake_node) by extension 'ros'
[1.108s] DEBUG:colcon.colcon_core.package_identification:Package '/home/mart/Documents/git/Turtlebot3_Simulation_WorkSpace/turtle_ws/src/turtlebot3/turtlebot3_simulations/turtlebot3_fake_node' with type 'ros.ament_cmake' and name 'turtlebot3_fake_node'
[1.109s] Level 1:colcon.colcon_core.package_identification:_identify(/home/mart/Documents/git/Turtlebot3_Simulation_WorkSpace/turtle_ws/src/turtlebot3/turtlebot3_simulations/turtlebot3_gazebo) by extensions ['ignore', 'ignore_ament_install']
[1.111s] Level 1:colcon.colcon_core.package_identification:_identify(/home/mart/Documents/git/Turtlebot3_Simulation_WorkSpace/turtle_ws/src/turtlebot3/turtlebot3_simulations/turtlebot3_gazebo) by extension 'ignore'
[1.112s] Level 1:colcon.colcon_core.package_identification:_identify(/home/mart/Documents/git/Turtlebot3_Simulation_WorkSpace/turtle_ws/src/turtlebot3/turtlebot3_simulations/turtlebot3_gazebo) by extension 'ignore_ament_install'
[1.112s] Level 1:colcon.colcon_core.package_identification:_identify(/home/mart/Documents/git/Turtlebot3_Simulation_WorkSpace/turtle_ws/src/turtlebot3/turtlebot3_simulations/turtlebot3_gazebo) by extensions ['colcon_pkg']
[1.112s] Level 1:colcon.colcon_core.package_identification:_identify(/home/mart/Documents/git/Turtlebot3_Simulation_WorkSpace/turtle_ws/src/turtlebot3/turtlebot3_simulations/turtlebot3_gazebo) by extension 'colcon_pkg'
[1.113s] Level 1:colcon.colcon_core.package_identification:_identify(/home/mart/Documents/git/Turtlebot3_Simulation_WorkSpace/turtle_ws/src/turtlebot3/turtlebot3_simulations/turtlebot3_gazebo) by extensions ['colcon_meta']
[1.113s] Level 1:colcon.colcon_core.package_identification:_identify(/home/mart/Documents/git/Turtlebot3_Simulation_WorkSpace/turtle_ws/src/turtlebot3/turtlebot3_simulations/turtlebot3_gazebo) by extension 'colcon_meta'
[1.113s] Level 1:colcon.colcon_core.package_identification:_identify(/home/mart/Documents/git/Turtlebot3_Simulation_WorkSpace/turtle_ws/src/turtlebot3/turtlebot3_simulations/turtlebot3_gazebo) by extensions ['ros']
[1.113s] Level 1:colcon.colcon_core.package_identification:_identify(/home/mart/Documents/git/Turtlebot3_Simulation_WorkSpace/turtle_ws/src/turtlebot3/turtlebot3_simulations/turtlebot3_gazebo) by extension 'ros'
[1.119s] DEBUG:colcon.colcon_core.package_identification:Package '/home/mart/Documents/git/Turtlebot3_Simulation_WorkSpace/turtle_ws/src/turtlebot3/turtlebot3_simulations/turtlebot3_gazebo' with type 'ros.ament_cmake' and name 'turtlebot3_gazebo'
[1.119s] Level 1:colcon.colcon_core.package_identification:_identify(/home/mart/Documents/git/Turtlebot3_Simulation_WorkSpace/turtle_ws/src/turtlebot3/turtlebot3_simulations/turtlebot3_simulations) by extensions ['ignore', 'ignore_ament_install']
[1.120s] Level 1:colcon.colcon_core.package_identification:_identify(/home/mart/Documents/git/Turtlebot3_Simulation_WorkSpace/turtle_ws/src/turtlebot3/turtlebot3_simulations/turtlebot3_simulations) by extension 'ignore'
[1.120s] Level 1:colcon.colcon_core.package_identification:_identify(/home/mart/Documents/git/Turtlebot3_Simulation_WorkSpace/turtle_ws/src/turtlebot3/turtlebot3_simulations/turtlebot3_simulations) by extension 'ignore_ament_install'
[1.120s] Level 1:colcon.colcon_core.package_identification:_identify(/home/mart/Documents/git/Turtlebot3_Simulation_WorkSpace/turtle_ws/src/turtlebot3/turtlebot3_simulations/turtlebot3_simulations) by extensions ['colcon_pkg']
[1.120s] Level 1:colcon.colcon_core.package_identification:_identify(/home/mart/Documents/git/Turtlebot3_Simulation_WorkSpace/turtle_ws/src/turtlebot3/turtlebot3_simulations/turtlebot3_simulations) by extension 'colcon_pkg'
[1.120s] Level 1:colcon.colcon_core.package_identification:_identify(/home/mart/Documents/git/Turtlebot3_Simulation_WorkSpace/turtle_ws/src/turtlebot3/turtlebot3_simulations/turtlebot3_simulations) by extensions ['colcon_meta']
[1.120s] Level 1:colcon.colcon_core.package_identification:_identify(/home/mart/Documents/git/Turtlebot3_Simulation_WorkSpace/turtle_ws/src/turtlebot3/turtlebot3_simulations/turtlebot3_simulations) by extension 'colcon_meta'
[1.121s] Level 1:colcon.colcon_core.package_identification:_identify(/home/mart/Documents/git/Turtlebot3_Simulation_WorkSpace/turtle_ws/src/turtlebot3/turtlebot3_simulations/turtlebot3_simulations) by extensions ['ros']
[1.121s] Level 1:colcon.colcon_core.package_identification:_identify(/home/mart/Documents/git/Turtlebot3_Simulation_WorkSpace/turtle_ws/src/turtlebot3/turtlebot3_simulations/turtlebot3_simulations) by extension 'ros'
[1.123s] DEBUG:colcon.colcon_core.package_identification:Package '/home/mart/Documents/git/Turtlebot3_Simulation_WorkSpace/turtle_ws/src/turtlebot3/turtlebot3_simulations/turtlebot3_simulations' with type 'ros.ament_cmake' and name 'turtlebot3_simulations'
[1.124s] Level 1:colcon.colcon_core.package_identification:_identify(/home/mart/Documents/git/Turtlebot3_Simulation_WorkSpace/turtle_ws/src/utils) by extensions ['ignore', 'ignore_ament_install']
[1.124s] Level 1:colcon.colcon_core.package_identification:_identify(/home/mart/Documents/git/Turtlebot3_Simulation_WorkSpace/turtle_ws/src/utils) by extension 'ignore'
[1.124s] Level 1:colcon.colcon_core.package_identification:_identify(/home/mart/Documents/git/Turtlebot3_Simulation_WorkSpace/turtle_ws/src/utils) by extension 'ignore_ament_install'
[1.124s] Level 1:colcon.colcon_core.package_identification:_identify(/home/mart/Documents/git/Turtlebot3_Simulation_WorkSpace/turtle_ws/src/utils) by extensions ['colcon_pkg']
[1.125s] Level 1:colcon.colcon_core.package_identification:_identify(/home/mart/Documents/git/Turtlebot3_Simulation_WorkSpace/turtle_ws/src/utils) by extension 'colcon_pkg'
[1.126s] Level 1:colcon.colcon_core.package_identification:_identify(/home/mart/Documents/git/Turtlebot3_Simulation_WorkSpace/turtle_ws/src/utils) by extensions ['colcon_meta']
[1.127s] Level 1:colcon.colcon_core.package_identification:_identify(/home/mart/Documents/git/Turtlebot3_Simulation_WorkSpace/turtle_ws/src/utils) by extension 'colcon_meta'
[1.127s] Level 1:colcon.colcon_core.package_identification:_identify(/home/mart/Documents/git/Turtlebot3_Simulation_WorkSpace/turtle_ws/src/utils) by extensions ['ros']
[1.127s] Level 1:colcon.colcon_core.package_identification:_identify(/home/mart/Documents/git/Turtlebot3_Simulation_WorkSpace/turtle_ws/src/utils) by extension 'ros'
[1.128s] Level 1:colcon.colcon_core.package_identification:_identify(/home/mart/Documents/git/Turtlebot3_Simulation_WorkSpace/turtle_ws/src/utils) by extensions ['cmake', 'python']
[1.128s] Level 1:colcon.colcon_core.package_identification:_identify(/home/mart/Documents/git/Turtlebot3_Simulation_WorkSpace/turtle_ws/src/utils) by extension 'cmake'
[1.128s] Level 1:colcon.colcon_core.package_identification:_identify(/home/mart/Documents/git/Turtlebot3_Simulation_WorkSpace/turtle_ws/src/utils) by extension 'python'
[1.128s] Level 1:colcon.colcon_core.package_identification:_identify(/home/mart/Documents/git/Turtlebot3_Simulation_WorkSpace/turtle_ws/src/utils) by extensions ['python_setup_py']
[1.128s] Level 1:colcon.colcon_core.package_identification:_identify(/home/mart/Documents/git/Turtlebot3_Simulation_WorkSpace/turtle_ws/src/utils) by extension 'python_setup_py'
[1.129s] Level 1:colcon.colcon_core.package_identification:_identify(/home/mart/Documents/git/Turtlebot3_Simulation_WorkSpace/turtle_ws/src/utils/DynamixelSDK) by extensions ['ignore', 'ignore_ament_install']
[1.129s] Level 1:colcon.colcon_core.package_identification:_identify(/home/mart/Documents/git/Turtlebot3_Simulation_WorkSpace/turtle_ws/src/utils/DynamixelSDK) by extension 'ignore'
[1.131s] Level 1:colcon.colcon_core.package_identification:_identify(/home/mart/Documents/git/Turtlebot3_Simulation_WorkSpace/turtle_ws/src/utils/DynamixelSDK) by extension 'ignore_ament_install'
[1.132s] Level 1:colcon.colcon_core.package_identification:_identify(/home/mart/Documents/git/Turtlebot3_Simulation_WorkSpace/turtle_ws/src/utils/DynamixelSDK) by extensions ['colcon_pkg']
[1.132s] Level 1:colcon.colcon_core.package_identification:_identify(/home/mart/Documents/git/Turtlebot3_Simulation_WorkSpace/turtle_ws/src/utils/DynamixelSDK) by extension 'colcon_pkg'
[1.133s] Level 1:colcon.colcon_core.package_identification:_identify(/home/mart/Documents/git/Turtlebot3_Simulation_WorkSpace/turtle_ws/src/utils/DynamixelSDK) by extensions ['colcon_meta']
[1.133s] Level 1:colcon.colcon_core.package_identification:_identify(/home/mart/Documents/git/Turtlebot3_Simulation_WorkSpace/turtle_ws/src/utils/DynamixelSDK) by extension 'colcon_meta'
[1.133s] Level 1:colcon.colcon_core.package_identification:_identify(/home/mart/Documents/git/Turtlebot3_Simulation_WorkSpace/turtle_ws/src/utils/DynamixelSDK) by extensions ['ros']
[1.133s] Level 1:colcon.colcon_core.package_identification:_identify(/home/mart/Documents/git/Turtlebot3_Simulation_WorkSpace/turtle_ws/src/utils/DynamixelSDK) by extension 'ros'
[1.134s] Level 1:colcon.colcon_core.package_identification:_identify(/home/mart/Documents/git/Turtlebot3_Simulation_WorkSpace/turtle_ws/src/utils/DynamixelSDK) by extensions ['cmake', 'python']
[1.134s] Level 1:colcon.colcon_core.package_identification:_identify(/home/mart/Documents/git/Turtlebot3_Simulation_WorkSpace/turtle_ws/src/utils/DynamixelSDK) by extension 'cmake'
[1.134s] Level 1:colcon.colcon_core.package_identification:_identify(/home/mart/Documents/git/Turtlebot3_Simulation_WorkSpace/turtle_ws/src/utils/DynamixelSDK) by extension 'python'
[1.134s] Level 1:colcon.colcon_core.package_identification:_identify(/home/mart/Documents/git/Turtlebot3_Simulation_WorkSpace/turtle_ws/src/utils/DynamixelSDK) by extensions ['python_setup_py']
[1.134s] Level 1:colcon.colcon_core.package_identification:_identify(/home/mart/Documents/git/Turtlebot3_Simulation_WorkSpace/turtle_ws/src/utils/DynamixelSDK) by extension 'python_setup_py'
[1.135s] Level 1:colcon.colcon_core.package_identification:_identify(/home/mart/Documents/git/Turtlebot3_Simulation_WorkSpace/turtle_ws/src/utils/DynamixelSDK/dynamixel_sdk) by extensions ['ignore', 'ignore_ament_install']
[1.135s] Level 1:colcon.colcon_core.package_identification:_identify(/home/mart/Documents/git/Turtlebot3_Simulation_WorkSpace/turtle_ws/src/utils/DynamixelSDK/dynamixel_sdk) by extension 'ignore'
[1.135s] Level 1:colcon.colcon_core.package_identification:_identify(/home/mart/Documents/git/Turtlebot3_Simulation_WorkSpace/turtle_ws/src/utils/DynamixelSDK/dynamixel_sdk) by extension 'ignore_ament_install'
[1.135s] Level 1:colcon.colcon_core.package_identification:_identify(/home/mart/Documents/git/Turtlebot3_Simulation_WorkSpace/turtle_ws/src/utils/DynamixelSDK/dynamixel_sdk) by extensions ['colcon_pkg']
[1.135s] Level 1:colcon.colcon_core.package_identification:_identify(/home/mart/Documents/git/Turtlebot3_Simulation_WorkSpace/turtle_ws/src/utils/DynamixelSDK/dynamixel_sdk) by extension 'colcon_pkg'
[1.135s] Level 1:colcon.colcon_core.package_identification:_identify(/home/mart/Documents/git/Turtlebot3_Simulation_WorkSpace/turtle_ws/src/utils/DynamixelSDK/dynamixel_sdk) by extensions ['colcon_meta']
[1.135s] Level 1:colcon.colcon_core.package_identification:_identify(/home/mart/Documents/git/Turtlebot3_Simulation_WorkSpace/turtle_ws/src/utils/DynamixelSDK/dynamixel_sdk) by extension 'colcon_meta'
[1.136s] Level 1:colcon.colcon_core.package_identification:_identify(/home/mart/Documents/git/Turtlebot3_Simulation_WorkSpace/turtle_ws/src/utils/DynamixelSDK/dynamixel_sdk) by extensions ['ros']
[1.136s] Level 1:colcon.colcon_core.package_identification:_identify(/home/mart/Documents/git/Turtlebot3_Simulation_WorkSpace/turtle_ws/src/utils/DynamixelSDK/dynamixel_sdk) by extension 'ros'
[1.137s] DEBUG:colcon.colcon_core.package_identification:Package '/home/mart/Documents/git/Turtlebot3_Simulation_WorkSpace/turtle_ws/src/utils/DynamixelSDK/dynamixel_sdk' with type 'ros.ament_cmake' and name 'dynamixel_sdk'
[1.138s] Level 1:colcon.colcon_core.package_identification:_identify(/home/mart/Documents/git/Turtlebot3_Simulation_WorkSpace/turtle_ws/src/utils/DynamixelSDK/dynamixel_sdk_custom_interfaces) by extensions ['ignore', 'ignore_ament_install']
[1.138s] Level 1:colcon.colcon_core.package_identification:_identify(/home/mart/Documents/git/Turtlebot3_Simulation_WorkSpace/turtle_ws/src/utils/DynamixelSDK/dynamixel_sdk_custom_interfaces) by extension 'ignore'
[1.138s] Level 1:colcon.colcon_core.package_identification:_identify(/home/mart/Documents/git/Turtlebot3_Simulation_WorkSpace/turtle_ws/src/utils/DynamixelSDK/dynamixel_sdk_custom_interfaces) by extension 'ignore_ament_install'
[1.138s] Level 1:colcon.colcon_core.package_identification:_identify(/home/mart/Documents/git/Turtlebot3_Simulation_WorkSpace/turtle_ws/src/utils/DynamixelSDK/dynamixel_sdk_custom_interfaces) by extensions ['colcon_pkg']
[1.139s] Level 1:colcon.colcon_core.package_identification:_identify(/home/mart/Documents/git/Turtlebot3_Simulation_WorkSpace/turtle_ws/src/utils/DynamixelSDK/dynamixel_sdk_custom_interfaces) by extension 'colcon_pkg'
[1.139s] Level 1:colcon.colcon_core.package_identification:_identify(/home/mart/Documents/git/Turtlebot3_Simulation_WorkSpace/turtle_ws/src/utils/DynamixelSDK/dynamixel_sdk_custom_interfaces) by extensions ['colcon_meta']
[1.139s] Level 1:colcon.colcon_core.package_identification:_identify(/home/mart/Documents/git/Turtlebot3_Simulation_WorkSpace/turtle_ws/src/utils/DynamixelSDK/dynamixel_sdk_custom_interfaces) by extension 'colcon_meta'
[1.139s] Level 1:colcon.colcon_core.package_identification:_identify(/home/mart/Documents/git/Turtlebot3_Simulation_WorkSpace/turtle_ws/src/utils/DynamixelSDK/dynamixel_sdk_custom_interfaces) by extensions ['ros']
[1.140s] Level 1:colcon.colcon_core.package_identification:_identify(/home/mart/Documents/git/Turtlebot3_Simulation_WorkSpace/turtle_ws/src/utils/DynamixelSDK/dynamixel_sdk_custom_interfaces) by extension 'ros'
[1.142s] DEBUG:colcon.colcon_core.package_identification:Package '/home/mart/Documents/git/Turtlebot3_Simulation_WorkSpace/turtle_ws/src/utils/DynamixelSDK/dynamixel_sdk_custom_interfaces' with type 'ros.ament_cmake' and name 'dynamixel_sdk_custom_interfaces'
[1.142s] Level 1:colcon.colcon_core.package_identification:_identify(/home/mart/Documents/git/Turtlebot3_Simulation_WorkSpace/turtle_ws/src/utils/DynamixelSDK/dynamixel_sdk_examples) by extensions ['ignore', 'ignore_ament_install']
[1.143s] Level 1:colcon.colcon_core.package_identification:_identify(/home/mart/Documents/git/Turtlebot3_Simulation_WorkSpace/turtle_ws/src/utils/DynamixelSDK/dynamixel_sdk_examples) by extension 'ignore'
[1.143s] Level 1:colcon.colcon_core.package_identification:_identify(/home/mart/Documents/git/Turtlebot3_Simulation_WorkSpace/turtle_ws/src/utils/DynamixelSDK/dynamixel_sdk_examples) by extension 'ignore_ament_install'
[1.143s] Level 1:colcon.colcon_core.package_identification:_identify(/home/mart/Documents/git/Turtlebot3_Simulation_WorkSpace/turtle_ws/src/utils/DynamixelSDK/dynamixel_sdk_examples) by extensions ['colcon_pkg']
[1.143s] Level 1:colcon.colcon_core.package_identification:_identify(/home/mart/Documents/git/Turtlebot3_Simulation_WorkSpace/turtle_ws/src/utils/DynamixelSDK/dynamixel_sdk_examples) by extension 'colcon_pkg'
[1.143s] Level 1:colcon.colcon_core.package_identification:_identify(/home/mart/Documents/git/Turtlebot3_Simulation_WorkSpace/turtle_ws/src/utils/DynamixelSDK/dynamixel_sdk_examples) by extensions ['colcon_meta']
[1.143s] Level 1:colcon.colcon_core.package_identification:_identify(/home/mart/Documents/git/Turtlebot3_Simulation_WorkSpace/turtle_ws/src/utils/DynamixelSDK/dynamixel_sdk_examples) by extension 'colcon_meta'
[1.143s] Level 1:colcon.colcon_core.package_identification:_identify(/home/mart/Documents/git/Turtlebot3_Simulation_WorkSpace/turtle_ws/src/utils/DynamixelSDK/dynamixel_sdk_examples) by extensions ['ros']
[1.143s] Level 1:colcon.colcon_core.package_identification:_identify(/home/mart/Documents/git/Turtlebot3_Simulation_WorkSpace/turtle_ws/src/utils/DynamixelSDK/dynamixel_sdk_examples) by extension 'ros'
[1.146s] DEBUG:colcon.colcon_core.package_identification:Package '/home/mart/Documents/git/Turtlebot3_Simulation_WorkSpace/turtle_ws/src/utils/DynamixelSDK/dynamixel_sdk_examples' with type 'ros.ament_cmake' and name 'dynamixel_sdk_examples'
[1.147s] Level 1:colcon.colcon_core.package_identification:_identify(/home/mart/Documents/git/Turtlebot3_Simulation_WorkSpace/turtle_ws/src/utils/hls_lfcd_lds_driver) by extensions ['ignore', 'ignore_ament_install']
[1.147s] Level 1:colcon.colcon_core.package_identification:_identify(/home/mart/Documents/git/Turtlebot3_Simulation_WorkSpace/turtle_ws/src/utils/hls_lfcd_lds_driver) by extension 'ignore'
[1.148s] Level 1:colcon.colcon_core.package_identification:_identify(/home/mart/Documents/git/Turtlebot3_Simulation_WorkSpace/turtle_ws/src/utils/hls_lfcd_lds_driver) by extension 'ignore_ament_install'
[1.148s] Level 1:colcon.colcon_core.package_identification:_identify(/home/mart/Documents/git/Turtlebot3_Simulation_WorkSpace/turtle_ws/src/utils/hls_lfcd_lds_driver) by extensions ['colcon_pkg']
[1.148s] Level 1:colcon.colcon_core.package_identification:_identify(/home/mart/Documents/git/Turtlebot3_Simulation_WorkSpace/turtle_ws/src/utils/hls_lfcd_lds_driver) by extension 'colcon_pkg'
[1.148s] Level 1:colcon.colcon_core.package_identification:_identify(/home/mart/Documents/git/Turtlebot3_Simulation_WorkSpace/turtle_ws/src/utils/hls_lfcd_lds_driver) by extensions ['colcon_meta']
[1.148s] Level 1:colcon.colcon_core.package_identification:_identify(/home/mart/Documents/git/Turtlebot3_Simulation_WorkSpace/turtle_ws/src/utils/hls_lfcd_lds_driver) by extension 'colcon_meta'
[1.149s] Level 1:colcon.colcon_core.package_identification:_identify(/home/mart/Documents/git/Turtlebot3_Simulation_WorkSpace/turtle_ws/src/utils/hls_lfcd_lds_driver) by extensions ['ros']
[1.150s] Level 1:colcon.colcon_core.package_identification:_identify(/home/mart/Documents/git/Turtlebot3_Simulation_WorkSpace/turtle_ws/src/utils/hls_lfcd_lds_driver) by extension 'ros'
[1.153s] DEBUG:colcon.colcon_core.package_identification:Package '/home/mart/Documents/git/Turtlebot3_Simulation_WorkSpace/turtle_ws/src/utils/hls_lfcd_lds_driver' with type 'ros.ament_cmake' and name 'hls_lfcd_lds_driver'
[1.153s] Level 1:colcon.colcon_core.package_discovery:discover_packages(recursive) using defaults
