[0.117s] Invoking command in '/home/mart/Documents/git/Turtlebot3_Simulation_WorkSpace/turtle_ws/build/turtlebot3_navigation2': CMAKE_PREFIX_PATH=${CMAKE_PREFIX_PATH}:/home/mart/Documents/git/Turtlebot3_Simulation_WorkSpace/turtle_ws/install/turtlebot3_teleop:/home/mart/Documents/git/Turtlebot3_Simulation_WorkSpace/turtle_ws/install/turtlebot3_example:/opt/ros/humble /usr/bin/cmake --build /home/mart/Documents/git/Turtlebot3_Simulation_WorkSpace/turtle_ws/build/turtlebot3_navigation2 -- -j12 -l12
[1.077s] Invoked command in '/home/mart/Documents/git/Turtlebot3_Simulation_WorkSpace/turtle_ws/build/turtlebot3_navigation2' returned '0': CMAKE_PREFIX_PATH=${CMAKE_PREFIX_PATH}:/home/mart/Documents/git/Turtlebot3_Simulation_WorkSpace/turtle_ws/install/turtlebot3_teleop:/home/mart/Documents/git/Turtlebot3_Simulation_WorkSpace/turtle_ws/install/turtlebot3_example:/opt/ros/humble /usr/bin/cmake --build /home/mart/Documents/git/Turtlebot3_Simulation_WorkSpace/turtle_ws/build/turtlebot3_navigation2 -- -j12 -l12
[1.179s] Invoking command in '/home/mart/Documents/git/Turtlebot3_Simulation_WorkSpace/turtle_ws/build/turtlebot3_navigation2': CMAKE_PREFIX_PATH=${CMAKE_PREFIX_PATH}:/home/mart/Documents/git/Turtlebot3_Simulation_WorkSpace/turtle_ws/install/turtlebot3_teleop:/home/mart/Documents/git/Turtlebot3_Simulation_WorkSpace/turtle_ws/install/turtlebot3_example:/opt/ros/humble /usr/bin/cmake --install /home/mart/Documents/git/Turtlebot3_Simulation_WorkSpace/turtle_ws/build/turtlebot3_navigation2
[1.229s] -- Install configuration: ""
[1.230s] -- Up-to-date: /home/mart/Documents/git/Turtlebot3_Simulation_WorkSpace/turtle_ws/install/turtlebot3_navigation2/share/turtlebot3_navigation2/launch
[1.232s] -- Up-to-date: /home/mart/Documents/git/Turtlebot3_Simulation_WorkSpace/turtle_ws/install/turtlebot3_navigation2/share/turtlebot3_navigation2/launch/navigation2.launch.py
[1.232s] -- Up-to-date: /home/mart/Documents/git/Turtlebot3_Simulation_WorkSpace/turtle_ws/install/turtlebot3_navigation2/share/turtlebot3_navigation2/map
[1.232s] -- Up-to-date: /home/mart/Documents/git/Turtlebot3_Simulation_WorkSpace/turtle_ws/install/turtlebot3_navigation2/share/turtlebot3_navigation2/map/map.yaml
[1.232s] -- Up-to-date: /home/mart/Documents/git/Turtlebot3_Simulation_WorkSpace/turtle_ws/install/turtlebot3_navigation2/share/turtlebot3_navigation2/map/map.pgm
[1.233s] -- Up-to-date: /home/mart/Documents/git/Turtlebot3_Simulation_WorkSpace/turtle_ws/install/turtlebot3_navigation2/share/turtlebot3_navigation2/param
[1.233s] -- Up-to-date: /home/mart/Documents/git/Turtlebot3_Simulation_WorkSpace/turtle_ws/install/turtlebot3_navigation2/share/turtlebot3_navigation2/param/waffle.yaml
[1.233s] -- Up-to-date: /home/mart/Documents/git/Turtlebot3_Simulation_WorkSpace/turtle_ws/install/turtlebot3_navigation2/share/turtlebot3_navigation2/param/burger.yaml
[1.234s] -- Up-to-date: /home/mart/Documents/git/Turtlebot3_Simulation_WorkSpace/turtle_ws/install/turtlebot3_navigation2/share/turtlebot3_navigation2/param/waffle_pi.yaml
[1.237s] -- Up-to-date: /home/mart/Documents/git/Turtlebot3_Simulation_WorkSpace/turtle_ws/install/turtlebot3_navigation2/share/turtlebot3_navigation2/rviz
[1.237s] -- Up-to-date: /home/mart/Documents/git/Turtlebot3_Simulation_WorkSpace/turtle_ws/install/turtlebot3_navigation2/share/turtlebot3_navigation2/rviz/tb3_navigation2.rviz
[1.238s] -- Up-to-date: /home/mart/Documents/git/Turtlebot3_Simulation_WorkSpace/turtle_ws/install/turtlebot3_navigation2/share/ament_index/resource_index/package_run_dependencies/turtlebot3_navigation2
[1.238s] -- Up-to-date: /home/mart/Documents/git/Turtlebot3_Simulation_WorkSpace/turtle_ws/install/turtlebot3_navigation2/share/ament_index/resource_index/parent_prefix_path/turtlebot3_navigation2
[1.238s] -- Up-to-date: /home/mart/Documents/git/Turtlebot3_Simulation_WorkSpace/turtle_ws/install/turtlebot3_navigation2/share/turtlebot3_navigation2/environment/ament_prefix_path.sh
[1.238s] -- Up-to-date: /home/mart/Documents/git/Turtlebot3_Simulation_WorkSpace/turtle_ws/install/turtlebot3_navigation2/share/turtlebot3_navigation2/environment/ament_prefix_path.dsv
[1.238s] -- Up-to-date: /home/mart/Documents/git/Turtlebot3_Simulation_WorkSpace/turtle_ws/install/turtlebot3_navigation2/share/turtlebot3_navigation2/environment/path.sh
[1.239s] -- Up-to-date: /home/mart/Documents/git/Turtlebot3_Simulation_WorkSpace/turtle_ws/install/turtlebot3_navigation2/share/turtlebot3_navigation2/environment/path.dsv
[1.239s] -- Up-to-date: /home/mart/Documents/git/Turtlebot3_Simulation_WorkSpace/turtle_ws/install/turtlebot3_navigation2/share/turtlebot3_navigation2/local_setup.bash
[1.239s] -- Up-to-date: /home/mart/Documents/git/Turtlebot3_Simulation_WorkSpace/turtle_ws/install/turtlebot3_navigation2/share/turtlebot3_navigation2/local_setup.sh
[1.241s] -- Up-to-date: /home/mart/Documents/git/Turtlebot3_Simulation_WorkSpace/turtle_ws/install/turtlebot3_navigation2/share/turtlebot3_navigation2/local_setup.zsh
[1.241s] -- Up-to-date: /home/mart/Documents/git/Turtlebot3_Simulation_WorkSpace/turtle_ws/install/turtlebot3_navigation2/share/turtlebot3_navigation2/local_setup.dsv
[1.241s] -- Installing: /home/mart/Documents/git/Turtlebot3_Simulation_WorkSpace/turtle_ws/install/turtlebot3_navigation2/share/turtlebot3_navigation2/package.dsv
[1.241s] -- Up-to-date: /home/mart/Documents/git/Turtlebot3_Simulation_WorkSpace/turtle_ws/install/turtlebot3_navigation2/share/ament_index/resource_index/packages/turtlebot3_navigation2
[1.241s] -- Up-to-date: /home/mart/Documents/git/Turtlebot3_Simulation_WorkSpace/turtle_ws/install/turtlebot3_navigation2/share/turtlebot3_navigation2/cmake/turtlebot3_navigation2Config.cmake
[1.241s] -- Up-to-date: /home/mart/Documents/git/Turtlebot3_Simulation_WorkSpace/turtle_ws/install/turtlebot3_navigation2/share/turtlebot3_navigation2/cmake/turtlebot3_navigation2Config-version.cmake
[1.242s] -- Up-to-date: /home/mart/Documents/git/Turtlebot3_Simulation_WorkSpace/turtle_ws/install/turtlebot3_navigation2/share/turtlebot3_navigation2/package.xml
[1.298s] Invoked command in '/home/mart/Documents/git/Turtlebot3_Simulation_WorkSpace/turtle_ws/build/turtlebot3_navigation2' returned '0': CMAKE_PREFIX_PATH=${CMAKE_PREFIX_PATH}:/home/mart/Documents/git/Turtlebot3_Simulation_WorkSpace/turtle_ws/install/turtlebot3_teleop:/home/mart/Documents/git/Turtlebot3_Simulation_WorkSpace/turtle_ws/install/turtlebot3_example:/opt/ros/humble /usr/bin/cmake --install /home/mart/Documents/git/Turtlebot3_Simulation_WorkSpace/turtle_ws/build/turtlebot3_navigation2
